[2m2023-11-26 16:08:06.692[0;39m [32m INFO[0;39m [35m25068[0;39m [2m---[0;39m [2m[           main][0;39m [36mcom.mongodb.Mongodemov3Application  [0;39m [2m:[0;39m Starting Mongodemov3Application on LAPTOP-B2FRRA1V with PID 25068 (D:\programmer\ideacode\mongodb-master\target\classes started by YZY15 in D:\programmer\ideacode\mongodb-master)
[2m2023-11-26 16:08:06.698[0;39m [32m INFO[0;39m [35m25068[0;39m [2m---[0;39m [2m[           main][0;39m [36mcom.mongodb.Mongodemov3Application  [0;39m [2m:[0;39m No active profile set, falling back to default profiles: default
[2m2023-11-26 16:08:07.267[0;39m [32m INFO[0;39m [35m25068[0;39m [2m---[0;39m [2m[           main][0;39m [36m.s.d.r.c.RepositoryConfigurationDelegate[0;39m [2m:[0;39m Bootstrapping Spring Data MongoDB repositories in DEFAULT mode.
[2m2023-11-26 16:08:07.284[0;39m [32m INFO[0;39m [35m25068[0;39m [2m---[0;39m [2m[           main][0;39m [36m.s.d.r.c.RepositoryConfigurationDelegate[0;39m [2m:[0;39m Finished Spring Data repository scanning in 13ms. Found 0 MongoDB repository interfaces.
[2m2023-11-26 16:08:07.670[0;39m [32m INFO[0;39m [35m25068[0;39m [2m---[0;39m [2m[           main][0;39m [36mo.s.b.w.embedded.tomcat.TomcatWebServer [0;39m [2m:[0;39m Tomcat initialized with port(s): 3000 (http)
[2m2023-11-26 16:08:07.678[0;39m [32m INFO[0;39m [35m25068[0;39m [2m---[0;39m [2m[           main][0;39m [36mo.apache.catalina.core.StandardService  [0;39m [2m:[0;39m Starting service [Tomcat]
[2m2023-11-26 16:08:07.678[0;39m [32m INFO[0;39m [35m25068[0;39m [2m---[0;39m [2m[           main][0;39m [36morg.apache.catalina.core.StandardEngine [0;39m [2m:[0;39m Starting Servlet engine: [Apache Tomcat/9.0.41]
[2m2023-11-26 16:08:07.679[0;39m [32m INFO[0;39m [35m25068[0;39m [2m---[0;39m [2m[           main][0;39m [36mo.a.catalina.core.AprLifecycleListener  [0;39m [2m:[0;39m Loaded Apache Tomcat Native library [1.2.39] using APR version [1.7.4].
[2m2023-11-26 16:08:07.679[0;39m [32m INFO[0;39m [35m25068[0;39m [2m---[0;39m [2m[           main][0;39m [36mo.a.catalina.core.AprLifecycleListener  [0;39m [2m:[0;39m APR capabilities: IPv6 [true], sendfile [true], accept filters [false], random [true].
[2m2023-11-26 16:08:07.680[0;39m [32m INFO[0;39m [35m25068[0;39m [2m---[0;39m [2m[           main][0;39m [36mo.a.catalina.core.AprLifecycleListener  [0;39m [2m:[0;39m APR/OpenSSL configuration: useAprConnector [false], useOpenSSL [true]
[2m2023-11-26 16:08:07.694[0;39m [32m INFO[0;39m [35m25068[0;39m [2m---[0;39m [2m[           main][0;39m [36mo.a.catalina.core.AprLifecycleListener  [0;39m [2m:[0;39m OpenSSL successfully initialized [OpenSSL 3.0.11 19 Sep 2023]
[2m2023-11-26 16:08:07.788[0;39m [32m INFO[0;39m [35m25068[0;39m [2m---[0;39m [2m[           main][0;39m [36mo.a.c.c.C.[Tomcat].[localhost].[/]      [0;39m [2m:[0;39m Initializing Spring embedded WebApplicationContext
[2m2023-11-26 16:08:07.788[0;39m [32m INFO[0;39m [35m25068[0;39m [2m---[0;39m [2m[           main][0;39m [36mw.s.c.ServletWebServerApplicationContext[0;39m [2m:[0;39m Root WebApplicationContext: initialization completed in 1056 ms
[2m2023-11-26 16:08:07.860[0;39m [32m INFO[0;39m [35m25068[0;39m [2m---[0;39m [2m[           main][0;39m [36morg.mongodb.driver.cluster              [0;39m [2m:[0;39m Cluster created with settings {hosts=[localhost:27017], mode=SINGLE, requiredClusterType=UNKNOWN, serverSelectionTimeout='30000 ms'}
[2m2023-11-26 16:08:07.891[0;39m [32m INFO[0;39m [35m25068[0;39m [2m---[0;39m [2m[localhost:27017][0;39m [36morg.mongodb.driver.connection           [0;39m [2m:[0;39m Opened connection [connectionId{localValue:1, serverValue:150}] to localhost:27017
[2m2023-11-26 16:08:07.894[0;39m [32m INFO[0;39m [35m25068[0;39m [2m---[0;39m [2m[localhost:27017][0;39m [36morg.mongodb.driver.cluster              [0;39m [2m:[0;39m Monitor thread successfully connected to server with description ServerDescription{address=localhost:27017, type=STANDALONE, state=CONNECTED, ok=true, minWireVersion=0, maxWireVersion=7, maxDocumentSize=16777216, logicalSessionTimeoutMinutes=30, roundTripTimeNanos=2102500}
[2m2023-11-26 16:08:08.435[0;39m [32m INFO[0;39m [35m25068[0;39m [2m---[0;39m [2m[           main][0;39m [36mo.s.s.concurrent.ThreadPoolTaskExecutor [0;39m [2m:[0;39m Initializing ExecutorService 'applicationTaskExecutor'
[2m2023-11-26 16:08:08.455[0;39m [32m INFO[0;39m [35m25068[0;39m [2m---[0;39m [2m[           main][0;39m [36mo.s.b.a.w.s.WelcomePageHandlerMapping   [0;39m [2m:[0;39m Adding welcome page: class path resource [static/index.html]
[2m2023-11-26 16:08:08.517[0;39m [32m INFO[0;39m [35m25068[0;39m [2m---[0;39m [2m[           main][0;39m [36mo.s.b.w.embedded.tomcat.TomcatWebServer [0;39m [2m:[0;39m Tomcat started on port(s): 3000 (http) with context path ''
[2m2023-11-26 16:08:08.697[0;39m [32m INFO[0;39m [35m25068[0;39m [2m---[0;39m [2m[           main][0;39m [36mcom.mongodb.Mongodemov3Application  [0;39m [2m:[0;39m Started Mongodemov3Application in 2.323 seconds (JVM running for 3.04)
[2m2023-11-26 16:08:08.699[0;39m [32m INFO[0;39m [35m25068[0;39m [2m---[0;39m [2m[           main][0;39m [36mcom.mongodb.Mongodemov3Application  [0;39m [2m:[0;39m
----------------------------------------------------------
	Application  is running! Access URLs:
	Local访问网址: 		http://localhost:3000
	Local跳过登陆页面访问网址: 		http://localhost:3000/system.html
	Knife4j文档地址：	http://localhost:3000/doc.html
	----------------------------------------------------------
[2m2023-11-26 16:08:12.695[0;39m [32m INFO[0;39m [35m25068[0;39m [2m---[0;39m [2m[nio-3000-exec-1][0;39m [36mo.a.c.c.C.[Tomcat].[localhost].[/]      [0;39m [2m:[0;39m Initializing Spring DispatcherServlet 'dispatcherServlet'
[2m2023-11-26 16:08:12.696[0;39m [32m INFO[0;39m [35m25068[0;39m [2m---[0;39m [2m[nio-3000-exec-1][0;39m [36mo.s.web.servlet.DispatcherServlet       [0;39m [2m:[0;39m Initializing Servlet 'dispatcherServlet'
[2m2023-11-26 16:08:12.700[0;39m [32m INFO[0;39m [35m25068[0;39m [2m---[0;39m [2m[nio-3000-exec-1][0;39m [36mo.s.web.servlet.DispatcherServlet       [0;39m [2m:[0;39m Completed initialization in 4 ms
[2m2023-11-26 16:14:39.250[0;39m [32m INFO[0;39m [35m25068[0;39m [2m---[0;39m [2m[extShutdownHook][0;39m [36mo.s.s.concurrent.ThreadPoolTaskExecutor [0;39m [2m:[0;39m Shutting down ExecutorService 'applicationTaskExecutor'
[2m2023-11-26 20:21:01.908[0;39m [32m INFO[0;39m [35m29380[0;39m [2m---[0;39m [2m[           main][0;39m [36mcom.mongodb.Mongodemov3Application      [0;39m [2m:[0;39m Starting Mongodemov3Application on LAPTOP-B2FRRA1V with PID 29380 (D:\programmer\ideacode\mongodb-master\target\classes started by YZY15 in D:\programmer\ideacode\mongodb-master)
[2m2023-11-26 20:21:01.910[0;39m [32m INFO[0;39m [35m29380[0;39m [2m---[0;39m [2m[           main][0;39m [36mcom.mongodb.Mongodemov3Application      [0;39m [2m:[0;39m No active profile set, falling back to default profiles: default
[2m2023-11-26 20:21:03.027[0;39m [32m INFO[0;39m [35m29380[0;39m [2m---[0;39m [2m[           main][0;39m [36m.s.d.r.c.RepositoryConfigurationDelegate[0;39m [2m:[0;39m Bootstrapping Spring Data MongoDB repositories in DEFAULT mode.
[2m2023-11-26 20:21:03.345[0;39m [32m INFO[0;39m [35m29380[0;39m [2m---[0;39m [2m[           main][0;39m [36m.s.d.r.c.RepositoryConfigurationDelegate[0;39m [2m:[0;39m Finished Spring Data repository scanning in 313ms. Found 0 MongoDB repository interfaces.
[2m2023-11-26 20:21:03.693[0;39m [32m INFO[0;39m [35m29380[0;39m [2m---[0;39m [2m[           main][0;39m [36mo.s.b.w.embedded.tomcat.TomcatWebServer [0;39m [2m:[0;39m Tomcat initialized with port(s): 3000 (http)
[2m2023-11-26 20:21:03.700[0;39m [32m INFO[0;39m [35m29380[0;39m [2m---[0;39m [2m[           main][0;39m [36mo.apache.catalina.core.StandardService  [0;39m [2m:[0;39m Starting service [Tomcat]
[2m2023-11-26 20:21:03.700[0;39m [32m INFO[0;39m [35m29380[0;39m [2m---[0;39m [2m[           main][0;39m [36morg.apache.catalina.core.StandardEngine [0;39m [2m:[0;39m Starting Servlet engine: [Apache Tomcat/9.0.41]
[2m2023-11-26 20:21:03.701[0;39m [32m INFO[0;39m [35m29380[0;39m [2m---[0;39m [2m[           main][0;39m [36mo.a.catalina.core.AprLifecycleListener  [0;39m [2m:[0;39m Loaded Apache Tomcat Native library [1.2.39] using APR version [1.7.4].
[2m2023-11-26 20:21:03.701[0;39m [32m INFO[0;39m [35m29380[0;39m [2m---[0;39m [2m[           main][0;39m [36mo.a.catalina.core.AprLifecycleListener  [0;39m [2m:[0;39m APR capabilities: IPv6 [true], sendfile [true], accept filters [false], random [true].
[2m2023-11-26 20:21:03.701[0;39m [32m INFO[0;39m [35m29380[0;39m [2m---[0;39m [2m[           main][0;39m [36mo.a.catalina.core.AprLifecycleListener  [0;39m [2m:[0;39m APR/OpenSSL configuration: useAprConnector [false], useOpenSSL [true]
[2m2023-11-26 20:21:03.705[0;39m [32m INFO[0;39m [35m29380[0;39m [2m---[0;39m [2m[           main][0;39m [36mo.a.catalina.core.AprLifecycleListener  [0;39m [2m:[0;39m OpenSSL successfully initialized [OpenSSL 3.0.11 19 Sep 2023]
[2m2023-11-26 20:21:03.781[0;39m [32m INFO[0;39m [35m29380[0;39m [2m---[0;39m [2m[           main][0;39m [36mo.a.c.c.C.[Tomcat].[localhost].[/]      [0;39m [2m:[0;39m Initializing Spring embedded WebApplicationContext
[2m2023-11-26 20:21:03.782[0;39m [32m INFO[0;39m [35m29380[0;39m [2m---[0;39m [2m[           main][0;39m [36mw.s.c.ServletWebServerApplicationContext[0;39m [2m:[0;39m Root WebApplicationContext: initialization completed in 1843 ms
[2m2023-11-26 20:21:03.848[0;39m [32m INFO[0;39m [35m29380[0;39m [2m---[0;39m [2m[           main][0;39m [36morg.mongodb.driver.cluster              [0;39m [2m:[0;39m Cluster created with settings {hosts=[localhost:27017], mode=SINGLE, requiredClusterType=UNKNOWN, serverSelectionTimeout='30000 ms'}
[2m2023-11-26 20:21:03.872[0;39m [32m INFO[0;39m [35m29380[0;39m [2m---[0;39m [2m[localhost:27017][0;39m [36morg.mongodb.driver.connection           [0;39m [2m:[0;39m Opened connection [connectionId{localValue:1, serverValue:151}] to localhost:27017
[2m2023-11-26 20:21:03.874[0;39m [32m INFO[0;39m [35m29380[0;39m [2m---[0;39m [2m[localhost:27017][0;39m [36morg.mongodb.driver.cluster              [0;39m [2m:[0;39m Monitor thread successfully connected to server with description ServerDescription{address=localhost:27017, type=STANDALONE, state=CONNECTED, ok=true, minWireVersion=0, maxWireVersion=7, maxDocumentSize=16777216, logicalSessionTimeoutMinutes=30, roundTripTimeNanos=1395300}
[2m2023-11-26 20:21:04.643[0;39m [32m INFO[0;39m [35m29380[0;39m [2m---[0;39m [2m[           main][0;39m [36mo.s.s.concurrent.ThreadPoolTaskExecutor [0;39m [2m:[0;39m Initializing ExecutorService 'applicationTaskExecutor'
[2m2023-11-26 20:21:04.663[0;39m [32m INFO[0;39m [35m29380[0;39m [2m---[0;39m [2m[           main][0;39m [36mo.s.b.a.w.s.WelcomePageHandlerMapping   [0;39m [2m:[0;39m Adding welcome page: class path resource [static/index.html]
[2m2023-11-26 20:21:04.721[0;39m [32m INFO[0;39m [35m29380[0;39m [2m---[0;39m [2m[           main][0;39m [36mo.s.b.w.embedded.tomcat.TomcatWebServer [0;39m [2m:[0;39m Tomcat started on port(s): 3000 (http) with context path ''
[2m2023-11-26 20:21:04.749[0;39m [32m INFO[0;39m [35m29380[0;39m [2m---[0;39m [2m[           main][0;39m [36mcom.mongodb.Mongodemov3Application      [0;39m [2m:[0;39m Started Mongodemov3Application in 3.123 seconds (JVM running for 3.803)
[2m2023-11-26 20:21:04.751[0;39m [32m INFO[0;39m [35m29380[0;39m [2m---[0;39m [2m[           main][0;39m [36mcom.mongodb.Mongodemov3Application      [0;39m [2m:[0;39m 
----------------------------------------------------------
	Application  is running! Access URLs:
	Local访问网址: 		http://localhost:3000
	Local跳过登陆页面访问网址: 		http://localhost:3000/system.html
	Knife4j文档地址：	http://localhost:3000/doc.html
	----------------------------------------------------------
[2m2023-11-26 20:21:09.660[0;39m [32m INFO[0;39m [35m29380[0;39m [2m---[0;39m [2m[nio-3000-exec-1][0;39m [36mo.a.c.c.C.[Tomcat].[localhost].[/]      [0;39m [2m:[0;39m Initializing Spring DispatcherServlet 'dispatcherServlet'
[2m2023-11-26 20:21:09.660[0;39m [32m INFO[0;39m [35m29380[0;39m [2m---[0;39m [2m[nio-3000-exec-1][0;39m [36mo.s.web.servlet.DispatcherServlet       [0;39m [2m:[0;39m Initializing Servlet 'dispatcherServlet'
[2m2023-11-26 20:21:09.664[0;39m [32m INFO[0;39m [35m29380[0;39m [2m---[0;39m [2m[nio-3000-exec-1][0;39m [36mo.s.web.servlet.DispatcherServlet       [0;39m [2m:[0;39m Completed initialization in 4 ms
[2m2023-11-26 20:21:14.192[0;39m [32m INFO[0;39m [35m29380[0;39m [2m---[0;39m [2m[nio-3000-exec-4][0;39m [36morg.mongodb.driver.connection           [0;39m [2m:[0;39m Opened connection [connectionId{localValue:2, serverValue:152}] to localhost:27017
[2m2023-11-26 20:27:29.547[0;39m [32m INFO[0;39m [35m29380[0;39m [2m---[0;39m [2m[extShutdownHook][0;39m [36mo.s.s.concurrent.ThreadPoolTaskExecutor [0;39m [2m:[0;39m Shutting down ExecutorService 'applicationTaskExecutor'
[2m2023-11-26 20:27:29.550[0;39m [32m INFO[0;39m [35m29380[0;39m [2m---[0;39m [2m[extShutdownHook][0;39m [36morg.mongodb.driver.connection           [0;39m [2m:[0;39m Closed connection [connectionId{localValue:2, serverValue:152}] to localhost:27017 because the pool has been closed.
[2m2023-11-26 20:34:57.753[0;39m [32m INFO[0;39m [35m8124[0;39m [2m---[0;39m [2m[           main][0;39m [36mcom.mongodb.Mongodemov3Application      [0;39m [2m:[0;39m Starting Mongodemov3Application on LAPTOP-B2FRRA1V with PID 8124 (D:\programmer\ideacode\mongodb-master\target\classes started by YZY15 in D:\programmer\ideacode\mongodb-master)
[2m2023-11-26 20:34:57.755[0;39m [32m INFO[0;39m [35m8124[0;39m [2m---[0;39m [2m[           main][0;39m [36mcom.mongodb.Mongodemov3Application      [0;39m [2m:[0;39m No active profile set, falling back to default profiles: default
[2m2023-11-26 20:34:58.823[0;39m [32m INFO[0;39m [35m8124[0;39m [2m---[0;39m [2m[           main][0;39m [36m.s.d.r.c.RepositoryConfigurationDelegate[0;39m [2m:[0;39m Bootstrapping Spring Data MongoDB repositories in DEFAULT mode.
[2m2023-11-26 20:34:59.141[0;39m [32m INFO[0;39m [35m8124[0;39m [2m---[0;39m [2m[           main][0;39m [36m.s.d.r.c.RepositoryConfigurationDelegate[0;39m [2m:[0;39m Finished Spring Data repository scanning in 314ms. Found 0 MongoDB repository interfaces.
[2m2023-11-26 20:34:59.458[0;39m [32m INFO[0;39m [35m8124[0;39m [2m---[0;39m [2m[           main][0;39m [36mo.s.b.w.embedded.tomcat.TomcatWebServer [0;39m [2m:[0;39m Tomcat initialized with port(s): 3000 (http)
[2m2023-11-26 20:34:59.463[0;39m [32m INFO[0;39m [35m8124[0;39m [2m---[0;39m [2m[           main][0;39m [36mo.apache.catalina.core.StandardService  [0;39m [2m:[0;39m Starting service [Tomcat]
[2m2023-11-26 20:34:59.464[0;39m [32m INFO[0;39m [35m8124[0;39m [2m---[0;39m [2m[           main][0;39m [36morg.apache.catalina.core.StandardEngine [0;39m [2m:[0;39m Starting Servlet engine: [Apache Tomcat/9.0.41]
[2m2023-11-26 20:34:59.465[0;39m [32m INFO[0;39m [35m8124[0;39m [2m---[0;39m [2m[           main][0;39m [36mo.a.catalina.core.AprLifecycleListener  [0;39m [2m:[0;39m Loaded Apache Tomcat Native library [1.2.39] using APR version [1.7.4].
[2m2023-11-26 20:34:59.466[0;39m [32m INFO[0;39m [35m8124[0;39m [2m---[0;39m [2m[           main][0;39m [36mo.a.catalina.core.AprLifecycleListener  [0;39m [2m:[0;39m APR capabilities: IPv6 [true], sendfile [true], accept filters [false], random [true].
[2m2023-11-26 20:34:59.466[0;39m [32m INFO[0;39m [35m8124[0;39m [2m---[0;39m [2m[           main][0;39m [36mo.a.catalina.core.AprLifecycleListener  [0;39m [2m:[0;39m APR/OpenSSL configuration: useAprConnector [false], useOpenSSL [true]
[2m2023-11-26 20:34:59.470[0;39m [32m INFO[0;39m [35m8124[0;39m [2m---[0;39m [2m[           main][0;39m [36mo.a.catalina.core.AprLifecycleListener  [0;39m [2m:[0;39m OpenSSL successfully initialized [OpenSSL 3.0.11 19 Sep 2023]
[2m2023-11-26 20:34:59.549[0;39m [32m INFO[0;39m [35m8124[0;39m [2m---[0;39m [2m[           main][0;39m [36mo.a.c.c.C.[Tomcat].[localhost].[/]      [0;39m [2m:[0;39m Initializing Spring embedded WebApplicationContext
[2m2023-11-26 20:34:59.549[0;39m [32m INFO[0;39m [35m8124[0;39m [2m---[0;39m [2m[           main][0;39m [36mw.s.c.ServletWebServerApplicationContext[0;39m [2m:[0;39m Root WebApplicationContext: initialization completed in 1771 ms
[2m2023-11-26 20:34:59.614[0;39m [32m INFO[0;39m [35m8124[0;39m [2m---[0;39m [2m[           main][0;39m [36morg.mongodb.driver.cluster              [0;39m [2m:[0;39m Cluster created with settings {hosts=[localhost:27017], mode=SINGLE, requiredClusterType=UNKNOWN, serverSelectionTimeout='30000 ms'}
[2m2023-11-26 20:34:59.639[0;39m [32m INFO[0;39m [35m8124[0;39m [2m---[0;39m [2m[localhost:27017][0;39m [36morg.mongodb.driver.connection           [0;39m [2m:[0;39m Opened connection [connectionId{localValue:1, serverValue:156}] to localhost:27017
[2m2023-11-26 20:34:59.642[0;39m [32m INFO[0;39m [35m8124[0;39m [2m---[0;39m [2m[localhost:27017][0;39m [36morg.mongodb.driver.cluster              [0;39m [2m:[0;39m Monitor thread successfully connected to server with description ServerDescription{address=localhost:27017, type=STANDALONE, state=CONNECTED, ok=true, minWireVersion=0, maxWireVersion=7, maxDocumentSize=16777216, logicalSessionTimeoutMinutes=30, roundTripTimeNanos=1720300}
[2m2023-11-26 20:35:00.407[0;39m [32m INFO[0;39m [35m8124[0;39m [2m---[0;39m [2m[           main][0;39m [36mo.s.s.concurrent.ThreadPoolTaskExecutor [0;39m [2m:[0;39m Initializing ExecutorService 'applicationTaskExecutor'
[2m2023-11-26 20:35:00.427[0;39m [32m INFO[0;39m [35m8124[0;39m [2m---[0;39m [2m[           main][0;39m [36mo.s.b.a.w.s.WelcomePageHandlerMapping   [0;39m [2m:[0;39m Adding welcome page: class path resource [static/index.html]
[2m2023-11-26 20:35:00.490[0;39m [32m INFO[0;39m [35m8124[0;39m [2m---[0;39m [2m[           main][0;39m [36mo.s.b.w.embedded.tomcat.TomcatWebServer [0;39m [2m:[0;39m Tomcat started on port(s): 3000 (http) with context path ''
[2m2023-11-26 20:35:00.521[0;39m [32m INFO[0;39m [35m8124[0;39m [2m---[0;39m [2m[           main][0;39m [36mcom.mongodb.Mongodemov3Application      [0;39m [2m:[0;39m Started Mongodemov3Application in 3.023 seconds (JVM running for 3.657)
[2m2023-11-26 20:35:00.523[0;39m [32m INFO[0;39m [35m8124[0;39m [2m---[0;39m [2m[           main][0;39m [36mcom.mongodb.Mongodemov3Application      [0;39m [2m:[0;39m 
----------------------------------------------------------
	Application  is running! Access URLs:
	Local访问网址: 		http://localhost:3000
	Local跳过登陆页面访问网址: 		http://localhost:3000/system.html
	Knife4j文档地址：	http://localhost:3000/doc.html
	----------------------------------------------------------
[2m2023-11-26 21:27:40.731[0;39m [32m INFO[0;39m [35m8124[0;39m [2m---[0;39m [2m[nio-3000-exec-1][0;39m [36mo.a.c.c.C.[Tomcat].[localhost].[/]      [0;39m [2m:[0;39m Initializing Spring DispatcherServlet 'dispatcherServlet'
[2m2023-11-26 21:27:40.732[0;39m [32m INFO[0;39m [35m8124[0;39m [2m---[0;39m [2m[nio-3000-exec-1][0;39m [36mo.s.web.servlet.DispatcherServlet       [0;39m [2m:[0;39m Initializing Servlet 'dispatcherServlet'
[2m2023-11-26 21:27:40.736[0;39m [32m INFO[0;39m [35m8124[0;39m [2m---[0;39m [2m[nio-3000-exec-1][0;39m [36mo.s.web.servlet.DispatcherServlet       [0;39m [2m:[0;39m Completed initialization in 4 ms
[2m2023-11-26 21:27:40.795[0;39m [32m INFO[0;39m [35m8124[0;39m [2m---[0;39m [2m[nio-3000-exec-1][0;39m [36morg.mongodb.driver.connection           [0;39m [2m:[0;39m Opened connection [connectionId{localValue:2, serverValue:157}] to localhost:27017
[2m2023-11-26 23:36:03.671[0;39m [32m INFO[0;39m [35m27388[0;39m [2m---[0;39m [2m[           main][0;39m [36mcom.mongodb.Mongodemov3Application      [0;39m [2m:[0;39m Starting Mongodemov3Application on LAPTOP-B2FRRA1V with PID 27388 (D:\programmer\ideacode\mongodb-master\target\classes started by YZY15 in D:\programmer\ideacode\mongodb-master)
[2m2023-11-26 23:36:03.673[0;39m [32m INFO[0;39m [35m27388[0;39m [2m---[0;39m [2m[           main][0;39m [36mcom.mongodb.Mongodemov3Application      [0;39m [2m:[0;39m No active profile set, falling back to default profiles: default
[2m2023-11-26 23:36:04.809[0;39m [32m INFO[0;39m [35m27388[0;39m [2m---[0;39m [2m[           main][0;39m [36m.s.d.r.c.RepositoryConfigurationDelegate[0;39m [2m:[0;39m Bootstrapping Spring Data MongoDB repositories in DEFAULT mode.
[2m2023-11-26 23:36:05.124[0;39m [32m INFO[0;39m [35m27388[0;39m [2m---[0;39m [2m[           main][0;39m [36m.s.d.r.c.RepositoryConfigurationDelegate[0;39m [2m:[0;39m Finished Spring Data repository scanning in 311ms. Found 0 MongoDB repository interfaces.
[2m2023-11-26 23:36:05.476[0;39m [32m INFO[0;39m [35m27388[0;39m [2m---[0;39m [2m[           main][0;39m [36mo.s.b.w.embedded.tomcat.TomcatWebServer [0;39m [2m:[0;39m Tomcat initialized with port(s): 3000 (http)
[2m2023-11-26 23:36:05.482[0;39m [32m INFO[0;39m [35m27388[0;39m [2m---[0;39m [2m[           main][0;39m [36mo.apache.catalina.core.StandardService  [0;39m [2m:[0;39m Starting service [Tomcat]
[2m2023-11-26 23:36:05.483[0;39m [32m INFO[0;39m [35m27388[0;39m [2m---[0;39m [2m[           main][0;39m [36morg.apache.catalina.core.StandardEngine [0;39m [2m:[0;39m Starting Servlet engine: [Apache Tomcat/9.0.41]
[2m2023-11-26 23:36:05.484[0;39m [32m INFO[0;39m [35m27388[0;39m [2m---[0;39m [2m[           main][0;39m [36mo.a.catalina.core.AprLifecycleListener  [0;39m [2m:[0;39m Loaded Apache Tomcat Native library [1.2.39] using APR version [1.7.4].
[2m2023-11-26 23:36:05.484[0;39m [32m INFO[0;39m [35m27388[0;39m [2m---[0;39m [2m[           main][0;39m [36mo.a.catalina.core.AprLifecycleListener  [0;39m [2m:[0;39m APR capabilities: IPv6 [true], sendfile [true], accept filters [false], random [true].
[2m2023-11-26 23:36:05.484[0;39m [32m INFO[0;39m [35m27388[0;39m [2m---[0;39m [2m[           main][0;39m [36mo.a.catalina.core.AprLifecycleListener  [0;39m [2m:[0;39m APR/OpenSSL configuration: useAprConnector [false], useOpenSSL [true]
[2m2023-11-26 23:36:05.499[0;39m [32m INFO[0;39m [35m27388[0;39m [2m---[0;39m [2m[           main][0;39m [36mo.a.catalina.core.AprLifecycleListener  [0;39m [2m:[0;39m OpenSSL successfully initialized [OpenSSL 3.0.11 19 Sep 2023]
[2m2023-11-26 23:36:05.580[0;39m [32m INFO[0;39m [35m27388[0;39m [2m---[0;39m [2m[           main][0;39m [36mo.a.c.c.C.[Tomcat].[localhost].[/]      [0;39m [2m:[0;39m Initializing Spring embedded WebApplicationContext
[2m2023-11-26 23:36:05.580[0;39m [32m INFO[0;39m [35m27388[0;39m [2m---[0;39m [2m[           main][0;39m [36mw.s.c.ServletWebServerApplicationContext[0;39m [2m:[0;39m Root WebApplicationContext: initialization completed in 1880 ms
[2m2023-11-26 23:36:05.647[0;39m [32m INFO[0;39m [35m27388[0;39m [2m---[0;39m [2m[           main][0;39m [36morg.mongodb.driver.cluster              [0;39m [2m:[0;39m Cluster created with settings {hosts=[localhost:27017], mode=SINGLE, requiredClusterType=UNKNOWN, serverSelectionTimeout='30000 ms'}
[2m2023-11-26 23:36:05.671[0;39m [32m INFO[0;39m [35m27388[0;39m [2m---[0;39m [2m[localhost:27017][0;39m [36morg.mongodb.driver.connection           [0;39m [2m:[0;39m Opened connection [connectionId{localValue:1, serverValue:158}] to localhost:27017
[2m2023-11-26 23:36:05.674[0;39m [32m INFO[0;39m [35m27388[0;39m [2m---[0;39m [2m[localhost:27017][0;39m [36morg.mongodb.driver.cluster              [0;39m [2m:[0;39m Monitor thread successfully connected to server with description ServerDescription{address=localhost:27017, type=STANDALONE, state=CONNECTED, ok=true, minWireVersion=0, maxWireVersion=7, maxDocumentSize=16777216, logicalSessionTimeoutMinutes=30, roundTripTimeNanos=1520000}
[2m2023-11-26 23:36:06.454[0;39m [32m INFO[0;39m [35m27388[0;39m [2m---[0;39m [2m[           main][0;39m [36mo.s.s.concurrent.ThreadPoolTaskExecutor [0;39m [2m:[0;39m Initializing ExecutorService 'applicationTaskExecutor'
[2m2023-11-26 23:36:06.474[0;39m [32m INFO[0;39m [35m27388[0;39m [2m---[0;39m [2m[           main][0;39m [36mo.s.b.a.w.s.WelcomePageHandlerMapping   [0;39m [2m:[0;39m Adding welcome page: class path resource [static/index.html]
[2m2023-11-26 23:36:06.536[0;39m [32m INFO[0;39m [35m27388[0;39m [2m---[0;39m [2m[           main][0;39m [36mo.s.b.w.embedded.tomcat.TomcatWebServer [0;39m [2m:[0;39m Tomcat started on port(s): 3000 (http) with context path ''
[2m2023-11-26 23:36:06.566[0;39m [32m INFO[0;39m [35m27388[0;39m [2m---[0;39m [2m[           main][0;39m [36mcom.mongodb.Mongodemov3Application      [0;39m [2m:[0;39m Started Mongodemov3Application in 3.221 seconds (JVM running for 3.909)
[2m2023-11-26 23:36:06.568[0;39m [32m INFO[0;39m [35m27388[0;39m [2m---[0;39m [2m[           main][0;39m [36mcom.mongodb.Mongodemov3Application      [0;39m [2m:[0;39m 
----------------------------------------------------------
	Application  is running! Access URLs:
	Local访问网址: 		http://localhost:3000
	Local跳过登陆页面访问网址: 		http://localhost:3000/system.html
	Knife4j文档地址：	http://localhost:3000/doc.html
	----------------------------------------------------------
[2m2023-11-26 23:36:10.160[0;39m [32m INFO[0;39m [35m27388[0;39m [2m---[0;39m [2m[nio-3000-exec-1][0;39m [36mo.a.c.c.C.[Tomcat].[localhost].[/]      [0;39m [2m:[0;39m Initializing Spring DispatcherServlet 'dispatcherServlet'
[2m2023-11-26 23:36:10.160[0;39m [32m INFO[0;39m [35m27388[0;39m [2m---[0;39m [2m[nio-3000-exec-1][0;39m [36mo.s.web.servlet.DispatcherServlet       [0;39m [2m:[0;39m Initializing Servlet 'dispatcherServlet'
[2m2023-11-26 23:36:10.164[0;39m [32m INFO[0;39m [35m27388[0;39m [2m---[0;39m [2m[nio-3000-exec-1][0;39m [36mo.s.web.servlet.DispatcherServlet       [0;39m [2m:[0;39m Completed initialization in 4 ms
[2m2023-11-26 23:36:23.691[0;39m [32m INFO[0;39m [35m27388[0;39m [2m---[0;39m [2m[nio-3000-exec-4][0;39m [36morg.mongodb.driver.connection           [0;39m [2m:[0;39m Opened connection [connectionId{localValue:2, serverValue:159}] to localhost:27017
[2m2023-11-26 23:42:53.401[0;39m [32m INFO[0;39m [35m27388[0;39m [2m---[0;39m [2m[extShutdownHook][0;39m [36mo.s.s.concurrent.ThreadPoolTaskExecutor [0;39m [2m:[0;39m Shutting down ExecutorService 'applicationTaskExecutor'
[2m2023-11-26 23:42:53.404[0;39m [32m INFO[0;39m [35m27388[0;39m [2m---[0;39m [2m[extShutdownHook][0;39m [36morg.mongodb.driver.connection           [0;39m [2m:[0;39m Closed connection [connectionId{localValue:2, serverValue:159}] to localhost:27017 because the pool has been closed.
