[2m2023-11-25 19:25:04.950[0;39m [32m INFO[0;39m [35m15668[0;39m [2m---[0;39m [2m[           main][0;39m [36mcom.mongodb.Mongodemov3Application  [0;39m [2m:[0;39m Starting Mongodemov3Application on LAPTOP-B2FRRA1V with PID 15668 (D:\programmer\ideacode\mongodb-master\target\classes started by YZY15 in D:\programmer\ideacode\mongodb-master)
[2m2023-11-25 19:25:04.952[0;39m [32m INFO[0;39m [35m15668[0;39m [2m---[0;39m [2m[           main][0;39m [36mcom.mongodb.Mongodemov3Application  [0;39m [2m:[0;39m No active profile set, falling back to default profiles: default
[2m2023-11-25 19:25:05.416[0;39m [32m INFO[0;39m [35m15668[0;39m [2m---[0;39m [2m[           main][0;39m [36m.s.d.r.c.RepositoryConfigurationDelegate[0;39m [2m:[0;39m Bootstrapping Spring Data MongoDB repositories in DEFAULT mode.
[2m2023-11-25 19:25:05.430[0;39m [32m INFO[0;39m [35m15668[0;39m [2m---[0;39m [2m[           main][0;39m [36m.s.d.r.c.RepositoryConfigurationDelegate[0;39m [2m:[0;39m Finished Spring Data repository scanning in 11ms. Found 0 MongoDB repository interfaces.
[2m2023-11-25 19:25:05.751[0;39m [32m INFO[0;39m [35m15668[0;39m [2m---[0;39m [2m[           main][0;39m [36mo.s.b.w.embedded.tomcat.TomcatWebServer [0;39m [2m:[0;39m Tomcat initialized with port(s): 3000 (http)
[2m2023-11-25 19:25:05.758[0;39m [32m INFO[0;39m [35m15668[0;39m [2m---[0;39m [2m[           main][0;39m [36mo.apache.catalina.core.StandardService  [0;39m [2m:[0;39m Starting service [Tomcat]
[2m2023-11-25 19:25:05.758[0;39m [32m INFO[0;39m [35m15668[0;39m [2m---[0;39m [2m[           main][0;39m [36morg.apache.catalina.core.StandardEngine [0;39m [2m:[0;39m Starting Servlet engine: [Apache Tomcat/9.0.41]
[2m2023-11-25 19:25:05.759[0;39m [32m INFO[0;39m [35m15668[0;39m [2m---[0;39m [2m[           main][0;39m [36mo.a.catalina.core.AprLifecycleListener  [0;39m [2m:[0;39m Loaded Apache Tomcat Native library [1.2.39] using APR version [1.7.4].
[2m2023-11-25 19:25:05.759[0;39m [32m INFO[0;39m [35m15668[0;39m [2m---[0;39m [2m[           main][0;39m [36mo.a.catalina.core.AprLifecycleListener  [0;39m [2m:[0;39m APR capabilities: IPv6 [true], sendfile [true], accept filters [false], random [true].
[2m2023-11-25 19:25:05.760[0;39m [32m INFO[0;39m [35m15668[0;39m [2m---[0;39m [2m[           main][0;39m [36mo.a.catalina.core.AprLifecycleListener  [0;39m [2m:[0;39m APR/OpenSSL configuration: useAprConnector [false], useOpenSSL [true]
[2m2023-11-25 19:25:05.764[0;39m [32m INFO[0;39m [35m15668[0;39m [2m---[0;39m [2m[           main][0;39m [36mo.a.catalina.core.AprLifecycleListener  [0;39m [2m:[0;39m OpenSSL successfully initialized [OpenSSL 3.0.11 19 Sep 2023]
[2m2023-11-25 19:25:05.842[0;39m [32m INFO[0;39m [35m15668[0;39m [2m---[0;39m [2m[           main][0;39m [36mo.a.c.c.C.[Tomcat].[localhost].[/]      [0;39m [2m:[0;39m Initializing Spring embedded WebApplicationContext
[2m2023-11-25 19:25:05.843[0;39m [32m INFO[0;39m [35m15668[0;39m [2m---[0;39m [2m[           main][0;39m [36mw.s.c.ServletWebServerApplicationContext[0;39m [2m:[0;39m Root WebApplicationContext: initialization completed in 868 ms
[2m2023-11-25 19:25:05.910[0;39m [32m INFO[0;39m [35m15668[0;39m [2m---[0;39m [2m[           main][0;39m [36morg.mongodb.driver.cluster              [0;39m [2m:[0;39m Cluster created with settings {hosts=[localhost:27017], mode=SINGLE, requiredClusterType=UNKNOWN, serverSelectionTimeout='30000 ms'}
[2m2023-11-25 19:25:05.937[0;39m [32m INFO[0;39m [35m15668[0;39m [2m---[0;39m [2m[localhost:27017][0;39m [36morg.mongodb.driver.connection           [0;39m [2m:[0;39m Opened connection [connectionId{localValue:1, serverValue:128}] to localhost:27017
[2m2023-11-25 19:25:05.939[0;39m [32m INFO[0;39m [35m15668[0;39m [2m---[0;39m [2m[localhost:27017][0;39m [36morg.mongodb.driver.cluster              [0;39m [2m:[0;39m Monitor thread successfully connected to server with description ServerDescription{address=localhost:27017, type=STANDALONE, state=CONNECTED, ok=true, minWireVersion=0, maxWireVersion=7, maxDocumentSize=16777216, logicalSessionTimeoutMinutes=30, roundTripTimeNanos=1593800}
[2m2023-11-25 19:25:06.495[0;39m [32m INFO[0;39m [35m15668[0;39m [2m---[0;39m [2m[           main][0;39m [36mo.s.s.concurrent.ThreadPoolTaskExecutor [0;39m [2m:[0;39m Initializing ExecutorService 'applicationTaskExecutor'
[2m2023-11-25 19:25:06.515[0;39m [32m INFO[0;39m [35m15668[0;39m [2m---[0;39m [2m[           main][0;39m [36mo.s.b.a.w.s.WelcomePageHandlerMapping   [0;39m [2m:[0;39m Adding welcome page: class path resource [static/index.html]
[2m2023-11-25 19:25:06.575[0;39m [32m INFO[0;39m [35m15668[0;39m [2m---[0;39m [2m[           main][0;39m [36mo.s.b.w.embedded.tomcat.TomcatWebServer [0;39m [2m:[0;39m Tomcat started on port(s): 3000 (http) with context path ''
[2m2023-11-25 19:25:06.793[0;39m [32m INFO[0;39m [35m15668[0;39m [2m---[0;39m [2m[           main][0;39m [36mcom.mongodb.Mongodemov3Application  [0;39m [2m:[0;39m Started Mongodemov3Application in 2.093 seconds (JVM running for 2.842)
[2m2023-11-25 19:25:06.796[0;39m [32m INFO[0;39m [35m15668[0;39m [2m---[0;39m [2m[           main][0;39m [36mcom.mongodb.Mongodemov3Application  [0;39m [2m:[0;39m
----------------------------------------------------------
	Application  is running! Access URLs:
	Local访问网址: 		http://localhost:3000
	Local跳过登陆页面访问网址: 		http://localhost:3000/system.html
	Knife4j文档地址：	http://localhost:3000/doc.html
	----------------------------------------------------------
[2m2023-11-25 19:25:12.406[0;39m [32m INFO[0;39m [35m15668[0;39m [2m---[0;39m [2m[nio-3000-exec-1][0;39m [36mo.a.c.c.C.[Tomcat].[localhost].[/]      [0;39m [2m:[0;39m Initializing Spring DispatcherServlet 'dispatcherServlet'
[2m2023-11-25 19:25:12.407[0;39m [32m INFO[0;39m [35m15668[0;39m [2m---[0;39m [2m[nio-3000-exec-1][0;39m [36mo.s.web.servlet.DispatcherServlet       [0;39m [2m:[0;39m Initializing Servlet 'dispatcherServlet'
[2m2023-11-25 19:25:12.412[0;39m [32m INFO[0;39m [35m15668[0;39m [2m---[0;39m [2m[nio-3000-exec-1][0;39m [36mo.s.web.servlet.DispatcherServlet       [0;39m [2m:[0;39m Completed initialization in 5 ms
[2m2023-11-25 19:25:25.830[0;39m [32m INFO[0;39m [35m15668[0;39m [2m---[0;39m [2m[nio-3000-exec-7][0;39m [36morg.mongodb.driver.connection           [0;39m [2m:[0;39m Opened connection [connectionId{localValue:2, serverValue:129}] to localhost:27017
[2m2023-11-25 20:54:00.635[0;39m [32m INFO[0;39m [35m15668[0;39m [2m---[0;39m [2m[extShutdownHook][0;39m [36mo.s.s.concurrent.ThreadPoolTaskExecutor [0;39m [2m:[0;39m Shutting down ExecutorService 'applicationTaskExecutor'
[2m2023-11-25 20:54:00.639[0;39m [32m INFO[0;39m [35m15668[0;39m [2m---[0;39m [2m[extShutdownHook][0;39m [36morg.mongodb.driver.connection           [0;39m [2m:[0;39m Closed connection [connectionId{localValue:2, serverValue:129}] to localhost:27017 because the pool has been closed.
[2m2023-11-25 20:54:06.453[0;39m [32m INFO[0;39m [35m3848[0;39m [2m---[0;39m [2m[           main][0;39m [36mcom.mongodb.Mongodemov3Application  [0;39m [2m:[0;39m Starting Mongodemov3Application on LAPTOP-B2FRRA1V with PID 3848 (D:\programmer\ideacode\mongodb-master\target\classes started by YZY15 in D:\programmer\ideacode\mongodb-master)
[2m2023-11-25 20:54:06.455[0;39m [32m INFO[0;39m [35m3848[0;39m [2m---[0;39m [2m[           main][0;39m [36mcom.mongodb.Mongodemov3Application  [0;39m [2m:[0;39m No active profile set, falling back to default profiles: default
[2m2023-11-25 20:54:06.926[0;39m [32m INFO[0;39m [35m3848[0;39m [2m---[0;39m [2m[           main][0;39m [36m.s.d.r.c.RepositoryConfigurationDelegate[0;39m [2m:[0;39m Bootstrapping Spring Data MongoDB repositories in DEFAULT mode.
[2m2023-11-25 20:54:06.940[0;39m [32m INFO[0;39m [35m3848[0;39m [2m---[0;39m [2m[           main][0;39m [36m.s.d.r.c.RepositoryConfigurationDelegate[0;39m [2m:[0;39m Finished Spring Data repository scanning in 11ms. Found 0 MongoDB repository interfaces.
[2m2023-11-25 20:54:07.265[0;39m [32m INFO[0;39m [35m3848[0;39m [2m---[0;39m [2m[           main][0;39m [36mo.s.b.w.embedded.tomcat.TomcatWebServer [0;39m [2m:[0;39m Tomcat initialized with port(s): 3000 (http)
[2m2023-11-25 20:54:07.271[0;39m [32m INFO[0;39m [35m3848[0;39m [2m---[0;39m [2m[           main][0;39m [36mo.apache.catalina.core.StandardService  [0;39m [2m:[0;39m Starting service [Tomcat]
[2m2023-11-25 20:54:07.271[0;39m [32m INFO[0;39m [35m3848[0;39m [2m---[0;39m [2m[           main][0;39m [36morg.apache.catalina.core.StandardEngine [0;39m [2m:[0;39m Starting Servlet engine: [Apache Tomcat/9.0.41]
[2m2023-11-25 20:54:07.272[0;39m [32m INFO[0;39m [35m3848[0;39m [2m---[0;39m [2m[           main][0;39m [36mo.a.catalina.core.AprLifecycleListener  [0;39m [2m:[0;39m Loaded Apache Tomcat Native library [1.2.39] using APR version [1.7.4].
[2m2023-11-25 20:54:07.273[0;39m [32m INFO[0;39m [35m3848[0;39m [2m---[0;39m [2m[           main][0;39m [36mo.a.catalina.core.AprLifecycleListener  [0;39m [2m:[0;39m APR capabilities: IPv6 [true], sendfile [true], accept filters [false], random [true].
[2m2023-11-25 20:54:07.273[0;39m [32m INFO[0;39m [35m3848[0;39m [2m---[0;39m [2m[           main][0;39m [36mo.a.catalina.core.AprLifecycleListener  [0;39m [2m:[0;39m APR/OpenSSL configuration: useAprConnector [false], useOpenSSL [true]
[2m2023-11-25 20:54:07.277[0;39m [32m INFO[0;39m [35m3848[0;39m [2m---[0;39m [2m[           main][0;39m [36mo.a.catalina.core.AprLifecycleListener  [0;39m [2m:[0;39m OpenSSL successfully initialized [OpenSSL 3.0.11 19 Sep 2023]
[2m2023-11-25 20:54:07.354[0;39m [32m INFO[0;39m [35m3848[0;39m [2m---[0;39m [2m[           main][0;39m [36mo.a.c.c.C.[Tomcat].[localhost].[/]      [0;39m [2m:[0;39m Initializing Spring embedded WebApplicationContext
[2m2023-11-25 20:54:07.355[0;39m [32m INFO[0;39m [35m3848[0;39m [2m---[0;39m [2m[           main][0;39m [36mw.s.c.ServletWebServerApplicationContext[0;39m [2m:[0;39m Root WebApplicationContext: initialization completed in 878 ms
[2m2023-11-25 20:54:07.419[0;39m [32m INFO[0;39m [35m3848[0;39m [2m---[0;39m [2m[           main][0;39m [36morg.mongodb.driver.cluster              [0;39m [2m:[0;39m Cluster created with settings {hosts=[localhost:27017], mode=SINGLE, requiredClusterType=UNKNOWN, serverSelectionTimeout='30000 ms'}
[2m2023-11-25 20:54:07.443[0;39m [32m INFO[0;39m [35m3848[0;39m [2m---[0;39m [2m[localhost:27017][0;39m [36morg.mongodb.driver.connection           [0;39m [2m:[0;39m Opened connection [connectionId{localValue:1, serverValue:145}] to localhost:27017
[2m2023-11-25 20:54:07.445[0;39m [32m INFO[0;39m [35m3848[0;39m [2m---[0;39m [2m[localhost:27017][0;39m [36morg.mongodb.driver.cluster              [0;39m [2m:[0;39m Monitor thread successfully connected to server with description ServerDescription{address=localhost:27017, type=STANDALONE, state=CONNECTED, ok=true, minWireVersion=0, maxWireVersion=7, maxDocumentSize=16777216, logicalSessionTimeoutMinutes=30, roundTripTimeNanos=1406700}
[2m2023-11-25 20:54:07.932[0;39m [32m INFO[0;39m [35m3848[0;39m [2m---[0;39m [2m[           main][0;39m [36mo.s.s.concurrent.ThreadPoolTaskExecutor [0;39m [2m:[0;39m Initializing ExecutorService 'applicationTaskExecutor'
[2m2023-11-25 20:54:07.951[0;39m [32m INFO[0;39m [35m3848[0;39m [2m---[0;39m [2m[           main][0;39m [36mo.s.b.a.w.s.WelcomePageHandlerMapping   [0;39m [2m:[0;39m Adding welcome page: class path resource [static/index.html]
[2m2023-11-25 20:54:08.009[0;39m [32m INFO[0;39m [35m3848[0;39m [2m---[0;39m [2m[           main][0;39m [36mo.s.b.w.embedded.tomcat.TomcatWebServer [0;39m [2m:[0;39m Tomcat started on port(s): 3000 (http) with context path ''
[2m2023-11-25 20:54:08.191[0;39m [32m INFO[0;39m [35m3848[0;39m [2m---[0;39m [2m[           main][0;39m [36mcom.mongodb.Mongodemov3Application  [0;39m [2m:[0;39m Started Mongodemov3Application in 2.009 seconds (JVM running for 2.608)
[2m2023-11-25 20:54:08.193[0;39m [32m INFO[0;39m [35m3848[0;39m [2m---[0;39m [2m[           main][0;39m [36mcom.mongodb.Mongodemov3Application  [0;39m [2m:[0;39m
----------------------------------------------------------
	Application  is running! Access URLs:
	Local访问网址: 		http://localhost:3000
	Local跳过登陆页面访问网址: 		http://localhost:3000/system.html
	Knife4j文档地址：	http://localhost:3000/doc.html
	----------------------------------------------------------
[2m2023-11-25 20:54:44.704[0;39m [32m INFO[0;39m [35m3848[0;39m [2m---[0;39m [2m[nio-3000-exec-1][0;39m [36mo.a.c.c.C.[Tomcat].[localhost].[/]      [0;39m [2m:[0;39m Initializing Spring DispatcherServlet 'dispatcherServlet'
[2m2023-11-25 20:54:44.705[0;39m [32m INFO[0;39m [35m3848[0;39m [2m---[0;39m [2m[nio-3000-exec-1][0;39m [36mo.s.web.servlet.DispatcherServlet       [0;39m [2m:[0;39m Initializing Servlet 'dispatcherServlet'
[2m2023-11-25 20:54:44.709[0;39m [32m INFO[0;39m [35m3848[0;39m [2m---[0;39m [2m[nio-3000-exec-1][0;39m [36mo.s.web.servlet.DispatcherServlet       [0;39m [2m:[0;39m Completed initialization in 4 ms
[2m2023-11-25 20:55:02.992[0;39m [32m INFO[0;39m [35m3848[0;39m [2m---[0;39m [2m[nio-3000-exec-7][0;39m [36morg.mongodb.driver.connection           [0;39m [2m:[0;39m Opened connection [connectionId{localValue:2, serverValue:146}] to localhost:27017
[2m2023-11-25 21:09:44.319[0;39m [32m INFO[0;39m [35m3848[0;39m [2m---[0;39m [2m[extShutdownHook][0;39m [36mo.s.s.concurrent.ThreadPoolTaskExecutor [0;39m [2m:[0;39m Shutting down ExecutorService 'applicationTaskExecutor'
[2m2023-11-25 21:09:44.323[0;39m [32m INFO[0;39m [35m3848[0;39m [2m---[0;39m [2m[extShutdownHook][0;39m [36morg.mongodb.driver.connection           [0;39m [2m:[0;39m Closed connection [connectionId{localValue:2, serverValue:146}] to localhost:27017 because the pool has been closed.
[2m2023-11-25 21:54:59.232[0;39m [32m INFO[0;39m [35m25196[0;39m [2m---[0;39m [2m[           main][0;39m [36mcom.mongodb.Mongodemov3Application  [0;39m [2m:[0;39m Starting Mongodemov3Application on LAPTOP-B2FRRA1V with PID 25196 (D:\programmer\ideacode\mongodb-master\target\classes started by YZY15 in D:\programmer\ideacode\mongodb-master)
[2m2023-11-25 21:54:59.234[0;39m [32m INFO[0;39m [35m25196[0;39m [2m---[0;39m [2m[           main][0;39m [36mcom.mongodb.Mongodemov3Application  [0;39m [2m:[0;39m No active profile set, falling back to default profiles: default
[2m2023-11-25 21:54:59.755[0;39m [32m INFO[0;39m [35m25196[0;39m [2m---[0;39m [2m[           main][0;39m [36m.s.d.r.c.RepositoryConfigurationDelegate[0;39m [2m:[0;39m Bootstrapping Spring Data MongoDB repositories in DEFAULT mode.
[2m2023-11-25 21:54:59.770[0;39m [32m INFO[0;39m [35m25196[0;39m [2m---[0;39m [2m[           main][0;39m [36m.s.d.r.c.RepositoryConfigurationDelegate[0;39m [2m:[0;39m Finished Spring Data repository scanning in 12ms. Found 0 MongoDB repository interfaces.
[2m2023-11-25 21:55:00.128[0;39m [32m INFO[0;39m [35m25196[0;39m [2m---[0;39m [2m[           main][0;39m [36mo.s.b.w.embedded.tomcat.TomcatWebServer [0;39m [2m:[0;39m Tomcat initialized with port(s): 3000 (http)
[2m2023-11-25 21:55:00.135[0;39m [32m INFO[0;39m [35m25196[0;39m [2m---[0;39m [2m[           main][0;39m [36mo.apache.catalina.core.StandardService  [0;39m [2m:[0;39m Starting service [Tomcat]
[2m2023-11-25 21:55:00.135[0;39m [32m INFO[0;39m [35m25196[0;39m [2m---[0;39m [2m[           main][0;39m [36morg.apache.catalina.core.StandardEngine [0;39m [2m:[0;39m Starting Servlet engine: [Apache Tomcat/9.0.41]
[2m2023-11-25 21:55:00.136[0;39m [32m INFO[0;39m [35m25196[0;39m [2m---[0;39m [2m[           main][0;39m [36mo.a.catalina.core.AprLifecycleListener  [0;39m [2m:[0;39m Loaded Apache Tomcat Native library [1.2.39] using APR version [1.7.4].
[2m2023-11-25 21:55:00.136[0;39m [32m INFO[0;39m [35m25196[0;39m [2m---[0;39m [2m[           main][0;39m [36mo.a.catalina.core.AprLifecycleListener  [0;39m [2m:[0;39m APR capabilities: IPv6 [true], sendfile [true], accept filters [false], random [true].
[2m2023-11-25 21:55:00.136[0;39m [32m INFO[0;39m [35m25196[0;39m [2m---[0;39m [2m[           main][0;39m [36mo.a.catalina.core.AprLifecycleListener  [0;39m [2m:[0;39m APR/OpenSSL configuration: useAprConnector [false], useOpenSSL [true]
[2m2023-11-25 21:55:00.151[0;39m [32m INFO[0;39m [35m25196[0;39m [2m---[0;39m [2m[           main][0;39m [36mo.a.catalina.core.AprLifecycleListener  [0;39m [2m:[0;39m OpenSSL successfully initialized [OpenSSL 3.0.11 19 Sep 2023]
[2m2023-11-25 21:55:00.234[0;39m [32m INFO[0;39m [35m25196[0;39m [2m---[0;39m [2m[           main][0;39m [36mo.a.c.c.C.[Tomcat].[localhost].[/]      [0;39m [2m:[0;39m Initializing Spring embedded WebApplicationContext
[2m2023-11-25 21:55:00.234[0;39m [32m INFO[0;39m [35m25196[0;39m [2m---[0;39m [2m[           main][0;39m [36mw.s.c.ServletWebServerApplicationContext[0;39m [2m:[0;39m Root WebApplicationContext: initialization completed in 973 ms
[2m2023-11-25 21:55:00.308[0;39m [32m INFO[0;39m [35m25196[0;39m [2m---[0;39m [2m[           main][0;39m [36morg.mongodb.driver.cluster              [0;39m [2m:[0;39m Cluster created with settings {hosts=[localhost:27017], mode=SINGLE, requiredClusterType=UNKNOWN, serverSelectionTimeout='30000 ms'}
[2m2023-11-25 21:55:00.337[0;39m [32m INFO[0;39m [35m25196[0;39m [2m---[0;39m [2m[localhost:27017][0;39m [36morg.mongodb.driver.connection           [0;39m [2m:[0;39m Opened connection [connectionId{localValue:1, serverValue:147}] to localhost:27017
[2m2023-11-25 21:55:00.341[0;39m [32m INFO[0;39m [35m25196[0;39m [2m---[0;39m [2m[localhost:27017][0;39m [36morg.mongodb.driver.cluster              [0;39m [2m:[0;39m Monitor thread successfully connected to server with description ServerDescription{address=localhost:27017, type=STANDALONE, state=CONNECTED, ok=true, minWireVersion=0, maxWireVersion=7, maxDocumentSize=16777216, logicalSessionTimeoutMinutes=30, roundTripTimeNanos=2177900}
[2m2023-11-25 21:55:00.861[0;39m [32m INFO[0;39m [35m25196[0;39m [2m---[0;39m [2m[           main][0;39m [36mo.s.s.concurrent.ThreadPoolTaskExecutor [0;39m [2m:[0;39m Initializing ExecutorService 'applicationTaskExecutor'
[2m2023-11-25 21:55:00.881[0;39m [32m INFO[0;39m [35m25196[0;39m [2m---[0;39m [2m[           main][0;39m [36mo.s.b.a.w.s.WelcomePageHandlerMapping   [0;39m [2m:[0;39m Adding welcome page: class path resource [static/index.html]
[2m2023-11-25 21:55:00.942[0;39m [32m INFO[0;39m [35m25196[0;39m [2m---[0;39m [2m[           main][0;39m [36mo.s.b.w.embedded.tomcat.TomcatWebServer [0;39m [2m:[0;39m Tomcat started on port(s): 3000 (http) with context path ''
[2m2023-11-25 21:55:01.130[0;39m [32m INFO[0;39m [35m25196[0;39m [2m---[0;39m [2m[           main][0;39m [36mcom.mongodb.Mongodemov3Application  [0;39m [2m:[0;39m Started Mongodemov3Application in 2.21 seconds (JVM running for 2.976)
[2m2023-11-25 21:55:01.132[0;39m [32m INFO[0;39m [35m25196[0;39m [2m---[0;39m [2m[           main][0;39m [36mcom.mongodb.Mongodemov3Application  [0;39m [2m:[0;39m
----------------------------------------------------------
	Application  is running! Access URLs:
	Local访问网址: 		http://localhost:3000
	Local跳过登陆页面访问网址: 		http://localhost:3000/system.html
	Knife4j文档地址：	http://localhost:3000/doc.html
	----------------------------------------------------------
[2m2023-11-25 21:55:14.178[0;39m [32m INFO[0;39m [35m25196[0;39m [2m---[0;39m [2m[nio-3000-exec-1][0;39m [36mo.a.c.c.C.[Tomcat].[localhost].[/]      [0;39m [2m:[0;39m Initializing Spring DispatcherServlet 'dispatcherServlet'
[2m2023-11-25 21:55:14.179[0;39m [32m INFO[0;39m [35m25196[0;39m [2m---[0;39m [2m[nio-3000-exec-1][0;39m [36mo.s.web.servlet.DispatcherServlet       [0;39m [2m:[0;39m Initializing Servlet 'dispatcherServlet'
[2m2023-11-25 21:55:14.186[0;39m [32m INFO[0;39m [35m25196[0;39m [2m---[0;39m [2m[nio-3000-exec-1][0;39m [36mo.s.web.servlet.DispatcherServlet       [0;39m [2m:[0;39m Completed initialization in 7 ms
[2m2023-11-25 21:56:18.140[0;39m [32m INFO[0;39m [35m25196[0;39m [2m---[0;39m [2m[nio-3000-exec-5][0;39m [36morg.mongodb.driver.connection           [0;39m [2m:[0;39m Opened connection [connectionId{localValue:2, serverValue:148}] to localhost:27017
[2m2023-11-25 22:01:07.545[0;39m [32m INFO[0;39m [35m25196[0;39m [2m---[0;39m [2m[extShutdownHook][0;39m [36mo.s.s.concurrent.ThreadPoolTaskExecutor [0;39m [2m:[0;39m Shutting down ExecutorService 'applicationTaskExecutor'
[2m2023-11-25 22:01:07.549[0;39m [32m INFO[0;39m [35m25196[0;39m [2m---[0;39m [2m[extShutdownHook][0;39m [36morg.mongodb.driver.connection           [0;39m [2m:[0;39m Closed connection [connectionId{localValue:2, serverValue:148}] to localhost:27017 because the pool has been closed.
[2m2023-11-25 22:45:20.386[0;39m [32m INFO[0;39m [35m21528[0;39m [2m---[0;39m [2m[           main][0;39m [36mcom.mongodb.Mongodemov3Application  [0;39m [2m:[0;39m Starting Mongodemov3Application on LAPTOP-B2FRRA1V with PID 21528 (D:\programmer\ideacode\mongodb-master\target\classes started by YZY15 in D:\programmer\ideacode\mongodb-master)
[2m2023-11-25 22:45:20.388[0;39m [32m INFO[0;39m [35m21528[0;39m [2m---[0;39m [2m[           main][0;39m [36mcom.mongodb.Mongodemov3Application  [0;39m [2m:[0;39m No active profile set, falling back to default profiles: default
[2m2023-11-25 22:45:20.867[0;39m [32m INFO[0;39m [35m21528[0;39m [2m---[0;39m [2m[           main][0;39m [36m.s.d.r.c.RepositoryConfigurationDelegate[0;39m [2m:[0;39m Bootstrapping Spring Data MongoDB repositories in DEFAULT mode.
[2m2023-11-25 22:45:20.881[0;39m [32m INFO[0;39m [35m21528[0;39m [2m---[0;39m [2m[           main][0;39m [36m.s.d.r.c.RepositoryConfigurationDelegate[0;39m [2m:[0;39m Finished Spring Data repository scanning in 11ms. Found 0 MongoDB repository interfaces.
[2m2023-11-25 22:45:21.196[0;39m [32m INFO[0;39m [35m21528[0;39m [2m---[0;39m [2m[           main][0;39m [36mo.s.b.w.embedded.tomcat.TomcatWebServer [0;39m [2m:[0;39m Tomcat initialized with port(s): 3000 (http)
[2m2023-11-25 22:45:21.201[0;39m [32m INFO[0;39m [35m21528[0;39m [2m---[0;39m [2m[           main][0;39m [36mo.apache.catalina.core.StandardService  [0;39m [2m:[0;39m Starting service [Tomcat]
[2m2023-11-25 22:45:21.201[0;39m [32m INFO[0;39m [35m21528[0;39m [2m---[0;39m [2m[           main][0;39m [36morg.apache.catalina.core.StandardEngine [0;39m [2m:[0;39m Starting Servlet engine: [Apache Tomcat/9.0.41]
[2m2023-11-25 22:45:21.202[0;39m [32m INFO[0;39m [35m21528[0;39m [2m---[0;39m [2m[           main][0;39m [36mo.a.catalina.core.AprLifecycleListener  [0;39m [2m:[0;39m Loaded Apache Tomcat Native library [1.2.39] using APR version [1.7.4].
[2m2023-11-25 22:45:21.203[0;39m [32m INFO[0;39m [35m21528[0;39m [2m---[0;39m [2m[           main][0;39m [36mo.a.catalina.core.AprLifecycleListener  [0;39m [2m:[0;39m APR capabilities: IPv6 [true], sendfile [true], accept filters [false], random [true].
[2m2023-11-25 22:45:21.203[0;39m [32m INFO[0;39m [35m21528[0;39m [2m---[0;39m [2m[           main][0;39m [36mo.a.catalina.core.AprLifecycleListener  [0;39m [2m:[0;39m APR/OpenSSL configuration: useAprConnector [false], useOpenSSL [true]
[2m2023-11-25 22:45:21.207[0;39m [32m INFO[0;39m [35m21528[0;39m [2m---[0;39m [2m[           main][0;39m [36mo.a.catalina.core.AprLifecycleListener  [0;39m [2m:[0;39m OpenSSL successfully initialized [OpenSSL 3.0.11 19 Sep 2023]
[2m2023-11-25 22:45:21.279[0;39m [32m INFO[0;39m [35m21528[0;39m [2m---[0;39m [2m[           main][0;39m [36mo.a.c.c.C.[Tomcat].[localhost].[/]      [0;39m [2m:[0;39m Initializing Spring embedded WebApplicationContext
[2m2023-11-25 22:45:21.279[0;39m [32m INFO[0;39m [35m21528[0;39m [2m---[0;39m [2m[           main][0;39m [36mw.s.c.ServletWebServerApplicationContext[0;39m [2m:[0;39m Root WebApplicationContext: initialization completed in 868 ms
[2m2023-11-25 22:45:21.340[0;39m [32m INFO[0;39m [35m21528[0;39m [2m---[0;39m [2m[           main][0;39m [36morg.mongodb.driver.cluster              [0;39m [2m:[0;39m Cluster created with settings {hosts=[localhost:27017], mode=SINGLE, requiredClusterType=UNKNOWN, serverSelectionTimeout='30000 ms'}
[2m2023-11-25 22:45:21.364[0;39m [32m INFO[0;39m [35m21528[0;39m [2m---[0;39m [2m[localhost:27017][0;39m [36morg.mongodb.driver.connection           [0;39m [2m:[0;39m Opened connection [connectionId{localValue:1, serverValue:149}] to localhost:27017
[2m2023-11-25 22:45:21.366[0;39m [32m INFO[0;39m [35m21528[0;39m [2m---[0;39m [2m[localhost:27017][0;39m [36morg.mongodb.driver.cluster              [0;39m [2m:[0;39m Monitor thread successfully connected to server with description ServerDescription{address=localhost:27017, type=STANDALONE, state=CONNECTED, ok=true, minWireVersion=0, maxWireVersion=7, maxDocumentSize=16777216, logicalSessionTimeoutMinutes=30, roundTripTimeNanos=1510900}
[2m2023-11-25 22:45:21.857[0;39m [32m INFO[0;39m [35m21528[0;39m [2m---[0;39m [2m[           main][0;39m [36mo.s.s.concurrent.ThreadPoolTaskExecutor [0;39m [2m:[0;39m Initializing ExecutorService 'applicationTaskExecutor'
[2m2023-11-25 22:45:21.876[0;39m [32m INFO[0;39m [35m21528[0;39m [2m---[0;39m [2m[           main][0;39m [36mo.s.b.a.w.s.WelcomePageHandlerMapping   [0;39m [2m:[0;39m Adding welcome page: class path resource [static/index.html]
[2m2023-11-25 22:45:21.931[0;39m [32m INFO[0;39m [35m21528[0;39m [2m---[0;39m [2m[           main][0;39m [36mo.s.b.w.embedded.tomcat.TomcatWebServer [0;39m [2m:[0;39m Tomcat started on port(s): 3000 (http) with context path ''
[2m2023-11-25 22:45:22.115[0;39m [32m INFO[0;39m [35m21528[0;39m [2m---[0;39m [2m[           main][0;39m [36mcom.mongodb.Mongodemov3Application  [0;39m [2m:[0;39m Started Mongodemov3Application in 1.98 seconds (JVM running for 2.609)
[2m2023-11-25 22:45:22.117[0;39m [32m INFO[0;39m [35m21528[0;39m [2m---[0;39m [2m[           main][0;39m [36mcom.mongodb.Mongodemov3Application  [0;39m [2m:[0;39m
----------------------------------------------------------
	Application  is running! Access URLs:
	Local访问网址: 		http://localhost:3000
	Local跳过登陆页面访问网址: 		http://localhost:3000/system.html
	Knife4j文档地址：	http://localhost:3000/doc.html
	----------------------------------------------------------
[2m2023-11-25 23:27:54.169[0;39m [32m INFO[0;39m [35m21528[0;39m [2m---[0;39m [2m[extShutdownHook][0;39m [36mo.s.s.concurrent.ThreadPoolTaskExecutor [0;39m [2m:[0;39m Shutting down ExecutorService 'applicationTaskExecutor'
