[2m2023-11-30 09:53:21.537[0;39m [32m INFO[0;39m [35m21864[0;39m [2m---[0;39m [2m[           main][0;39m [36mcom.mongodb.MongodbApplication          [0;39m [2m:[0;39m Starting MongodbApplication on LAPTOP-B2FRRA1V with PID 21864 (D:\programmer\ideacode\mongodb\target\classes started by YZY15 in D:\programmer\ideacode\mongodb)
[2m2023-11-30 09:53:21.543[0;39m [32m INFO[0;39m [35m21864[0;39m [2m---[0;39m [2m[           main][0;39m [36mcom.mongodb.MongodbApplication          [0;39m [2m:[0;39m No active profile set, falling back to default profiles: default
[2m2023-11-30 09:53:22.734[0;39m [32m INFO[0;39m [35m21864[0;39m [2m---[0;39m [2m[           main][0;39m [36m.s.d.r.c.RepositoryConfigurationDelegate[0;39m [2m:[0;39m Bootstrapping Spring Data MongoDB repositories in DEFAULT mode.
[2m2023-11-30 09:53:23.049[0;39m [32m INFO[0;39m [35m21864[0;39m [2m---[0;39m [2m[           main][0;39m [36m.s.d.r.c.RepositoryConfigurationDelegate[0;39m [2m:[0;39m Finished Spring Data repository scanning in 311ms. Found 0 MongoDB repository interfaces.
[2m2023-11-30 09:53:23.927[0;39m [32m INFO[0;39m [35m21864[0;39m [2m---[0;39m [2m[           main][0;39m [36mo.s.b.w.embedded.tomcat.TomcatWebServer [0;39m [2m:[0;39m Tomcat initialized with port(s): 8080 (http)
[2m2023-11-30 09:53:23.934[0;39m [32m INFO[0;39m [35m21864[0;39m [2m---[0;39m [2m[           main][0;39m [36mo.apache.catalina.core.StandardService  [0;39m [2m:[0;39m Starting service [Tomcat]
[2m2023-11-30 09:53:23.934[0;39m [32m INFO[0;39m [35m21864[0;39m [2m---[0;39m [2m[           main][0;39m [36morg.apache.catalina.core.StandardEngine [0;39m [2m:[0;39m Starting Servlet engine: [Apache Tomcat/9.0.41]
[2m2023-11-30 09:53:23.935[0;39m [32m INFO[0;39m [35m21864[0;39m [2m---[0;39m [2m[           main][0;39m [36mo.a.catalina.core.AprLifecycleListener  [0;39m [2m:[0;39m Loaded Apache Tomcat Native library [1.2.39] using APR version [1.7.4].
[2m2023-11-30 09:53:23.935[0;39m [32m INFO[0;39m [35m21864[0;39m [2m---[0;39m [2m[           main][0;39m [36mo.a.catalina.core.AprLifecycleListener  [0;39m [2m:[0;39m APR capabilities: IPv6 [true], sendfile [true], accept filters [false], random [true].
[2m2023-11-30 09:53:23.936[0;39m [32m INFO[0;39m [35m21864[0;39m [2m---[0;39m [2m[           main][0;39m [36mo.a.catalina.core.AprLifecycleListener  [0;39m [2m:[0;39m APR/OpenSSL configuration: useAprConnector [false], useOpenSSL [true]
[2m2023-11-30 09:53:23.940[0;39m [32m INFO[0;39m [35m21864[0;39m [2m---[0;39m [2m[           main][0;39m [36mo.a.catalina.core.AprLifecycleListener  [0;39m [2m:[0;39m OpenSSL successfully initialized [OpenSSL 3.0.11 19 Sep 2023]
[2m2023-11-30 09:53:24.022[0;39m [32m INFO[0;39m [35m21864[0;39m [2m---[0;39m [2m[           main][0;39m [36mo.a.c.c.C.[Tomcat].[localhost].[/]      [0;39m [2m:[0;39m Initializing Spring embedded WebApplicationContext
[2m2023-11-30 09:53:24.022[0;39m [32m INFO[0;39m [35m21864[0;39m [2m---[0;39m [2m[           main][0;39m [36mw.s.c.ServletWebServerApplicationContext[0;39m [2m:[0;39m Root WebApplicationContext: initialization completed in 2453 ms
[2m2023-11-30 09:53:24.091[0;39m [32m INFO[0;39m [35m21864[0;39m [2m---[0;39m [2m[           main][0;39m [36morg.mongodb.driver.cluster              [0;39m [2m:[0;39m Cluster created with settings {hosts=[localhost:27017], mode=SINGLE, requiredClusterType=UNKNOWN, serverSelectionTimeout='30000 ms'}
[2m2023-11-30 09:53:24.129[0;39m [32m INFO[0;39m [35m21864[0;39m [2m---[0;39m [2m[localhost:27017][0;39m [36morg.mongodb.driver.connection           [0;39m [2m:[0;39m Opened connection [connectionId{localValue:1, serverValue:171}] to localhost:27017
[2m2023-11-30 09:53:24.132[0;39m [32m INFO[0;39m [35m21864[0;39m [2m---[0;39m [2m[localhost:27017][0;39m [36morg.mongodb.driver.cluster              [0;39m [2m:[0;39m Monitor thread successfully connected to server with description ServerDescription{address=localhost:27017, type=STANDALONE, state=CONNECTED, ok=true, minWireVersion=0, maxWireVersion=7, maxDocumentSize=16777216, logicalSessionTimeoutMinutes=30, roundTripTimeNanos=1833400}
[2m2023-11-30 09:53:24.917[0;39m [32m INFO[0;39m [35m21864[0;39m [2m---[0;39m [2m[           main][0;39m [36mo.s.s.concurrent.ThreadPoolTaskExecutor [0;39m [2m:[0;39m Initializing ExecutorService 'applicationTaskExecutor'
[2m2023-11-30 09:53:24.935[0;39m [32m INFO[0;39m [35m21864[0;39m [2m---[0;39m [2m[           main][0;39m [36mo.s.b.a.w.s.WelcomePageHandlerMapping   [0;39m [2m:[0;39m Adding welcome page: class path resource [static/index.html]
[2m2023-11-30 09:53:24.994[0;39m [32m INFO[0;39m [35m21864[0;39m [2m---[0;39m [2m[           main][0;39m [36mo.s.b.w.embedded.tomcat.TomcatWebServer [0;39m [2m:[0;39m Tomcat started on port(s): 8080 (http) with context path ''
[2m2023-11-30 09:53:25.178[0;39m [32m INFO[0;39m [35m21864[0;39m [2m---[0;39m [2m[           main][0;39m [36mcom.mongodb.MongodbApplication          [0;39m [2m:[0;39m Started MongodbApplication in 3.9 seconds (JVM running for 4.779)
[2m2023-11-30 09:53:25.180[0;39m [32m INFO[0;39m [35m21864[0;39m [2m---[0;39m [2m[           main][0;39m [36mcom.mongodb.MongodbApplication          [0;39m [2m:[0;39m 
----------------------------------------------------------
	应用启动成功:
	前台界面: 		http://localhost:8080
	后台界面: 		http://localhost:8080/system.html
	----------------------------------------------------------
[2m2023-11-30 09:53:27.226[0;39m [32m INFO[0;39m [35m21864[0;39m [2m---[0;39m [2m[nio-8080-exec-1][0;39m [36mo.a.c.c.C.[Tomcat].[localhost].[/]      [0;39m [2m:[0;39m Initializing Spring DispatcherServlet 'dispatcherServlet'
[2m2023-11-30 09:53:27.227[0;39m [32m INFO[0;39m [35m21864[0;39m [2m---[0;39m [2m[nio-8080-exec-1][0;39m [36mo.s.web.servlet.DispatcherServlet       [0;39m [2m:[0;39m Initializing Servlet 'dispatcherServlet'
[2m2023-11-30 09:53:27.231[0;39m [32m INFO[0;39m [35m21864[0;39m [2m---[0;39m [2m[nio-8080-exec-1][0;39m [36mo.s.web.servlet.DispatcherServlet       [0;39m [2m:[0;39m Completed initialization in 4 ms
[2m2023-11-30 09:53:42.312[0;39m [32m INFO[0;39m [35m21864[0;39m [2m---[0;39m [2m[nio-8080-exec-6][0;39m [36morg.mongodb.driver.connection           [0;39m [2m:[0;39m Opened connection [connectionId{localValue:2, serverValue:172}] to localhost:27017
[2m2023-11-30 16:30:03.444[0;39m [32m INFO[0;39m [35m4696[0;39m [2m---[0;39m [2m[           main][0;39m [36mcom.mongodb.MongodbApplication          [0;39m [2m:[0;39m Starting MongodbApplication on LAPTOP-B2FRRA1V with PID 4696 (D:\programmer\ideacode\mongodb\target\classes started by YZY15 in D:\programmer\ideacode\mongodb)
[2m2023-11-30 16:30:03.446[0;39m [32m INFO[0;39m [35m4696[0;39m [2m---[0;39m [2m[           main][0;39m [36mcom.mongodb.MongodbApplication          [0;39m [2m:[0;39m No active profile set, falling back to default profiles: default
[2m2023-11-30 16:30:04.609[0;39m [32m INFO[0;39m [35m4696[0;39m [2m---[0;39m [2m[           main][0;39m [36m.s.d.r.c.RepositoryConfigurationDelegate[0;39m [2m:[0;39m Bootstrapping Spring Data MongoDB repositories in DEFAULT mode.
[2m2023-11-30 16:30:04.930[0;39m [32m INFO[0;39m [35m4696[0;39m [2m---[0;39m [2m[           main][0;39m [36m.s.d.r.c.RepositoryConfigurationDelegate[0;39m [2m:[0;39m Finished Spring Data repository scanning in 316ms. Found 0 MongoDB repository interfaces.
[2m2023-11-30 16:30:05.290[0;39m [32m INFO[0;39m [35m4696[0;39m [2m---[0;39m [2m[           main][0;39m [36mo.s.b.w.embedded.tomcat.TomcatWebServer [0;39m [2m:[0;39m Tomcat initialized with port(s): 8080 (http)
[2m2023-11-30 16:30:05.296[0;39m [32m INFO[0;39m [35m4696[0;39m [2m---[0;39m [2m[           main][0;39m [36mo.apache.catalina.core.StandardService  [0;39m [2m:[0;39m Starting service [Tomcat]
[2m2023-11-30 16:30:05.297[0;39m [32m INFO[0;39m [35m4696[0;39m [2m---[0;39m [2m[           main][0;39m [36morg.apache.catalina.core.StandardEngine [0;39m [2m:[0;39m Starting Servlet engine: [Apache Tomcat/9.0.41]
[2m2023-11-30 16:30:05.298[0;39m [32m INFO[0;39m [35m4696[0;39m [2m---[0;39m [2m[           main][0;39m [36mo.a.catalina.core.AprLifecycleListener  [0;39m [2m:[0;39m Loaded Apache Tomcat Native library [1.2.39] using APR version [1.7.4].
[2m2023-11-30 16:30:05.298[0;39m [32m INFO[0;39m [35m4696[0;39m [2m---[0;39m [2m[           main][0;39m [36mo.a.catalina.core.AprLifecycleListener  [0;39m [2m:[0;39m APR capabilities: IPv6 [true], sendfile [true], accept filters [false], random [true].
[2m2023-11-30 16:30:05.298[0;39m [32m INFO[0;39m [35m4696[0;39m [2m---[0;39m [2m[           main][0;39m [36mo.a.catalina.core.AprLifecycleListener  [0;39m [2m:[0;39m APR/OpenSSL configuration: useAprConnector [false], useOpenSSL [true]
[2m2023-11-30 16:30:05.313[0;39m [32m INFO[0;39m [35m4696[0;39m [2m---[0;39m [2m[           main][0;39m [36mo.a.catalina.core.AprLifecycleListener  [0;39m [2m:[0;39m OpenSSL successfully initialized [OpenSSL 3.0.11 19 Sep 2023]
[2m2023-11-30 16:30:05.394[0;39m [32m INFO[0;39m [35m4696[0;39m [2m---[0;39m [2m[           main][0;39m [36mo.a.c.c.C.[Tomcat].[localhost].[/]      [0;39m [2m:[0;39m Initializing Spring embedded WebApplicationContext
[2m2023-11-30 16:30:05.395[0;39m [32m INFO[0;39m [35m4696[0;39m [2m---[0;39m [2m[           main][0;39m [36mw.s.c.ServletWebServerApplicationContext[0;39m [2m:[0;39m Root WebApplicationContext: initialization completed in 1922 ms
[2m2023-11-30 16:30:05.464[0;39m [32m INFO[0;39m [35m4696[0;39m [2m---[0;39m [2m[           main][0;39m [36morg.mongodb.driver.cluster              [0;39m [2m:[0;39m Cluster created with settings {hosts=[localhost:27017], mode=SINGLE, requiredClusterType=UNKNOWN, serverSelectionTimeout='30000 ms'}
[2m2023-11-30 16:30:05.490[0;39m [32m INFO[0;39m [35m4696[0;39m [2m---[0;39m [2m[localhost:27017][0;39m [36morg.mongodb.driver.connection           [0;39m [2m:[0;39m Opened connection [connectionId{localValue:1, serverValue:173}] to localhost:27017
[2m2023-11-30 16:30:05.492[0;39m [32m INFO[0;39m [35m4696[0;39m [2m---[0;39m [2m[localhost:27017][0;39m [36morg.mongodb.driver.cluster              [0;39m [2m:[0;39m Monitor thread successfully connected to server with description ServerDescription{address=localhost:27017, type=STANDALONE, state=CONNECTED, ok=true, minWireVersion=0, maxWireVersion=7, maxDocumentSize=16777216, logicalSessionTimeoutMinutes=30, roundTripTimeNanos=1434700}
[2m2023-11-30 16:30:06.275[0;39m [32m INFO[0;39m [35m4696[0;39m [2m---[0;39m [2m[           main][0;39m [36mo.s.s.concurrent.ThreadPoolTaskExecutor [0;39m [2m:[0;39m Initializing ExecutorService 'applicationTaskExecutor'
[2m2023-11-30 16:30:06.296[0;39m [32m INFO[0;39m [35m4696[0;39m [2m---[0;39m [2m[           main][0;39m [36mo.s.b.a.w.s.WelcomePageHandlerMapping   [0;39m [2m:[0;39m Adding welcome page: class path resource [static/index.html]
[2m2023-11-30 16:30:06.360[0;39m [32m INFO[0;39m [35m4696[0;39m [2m---[0;39m [2m[           main][0;39m [36mo.s.b.w.embedded.tomcat.TomcatWebServer [0;39m [2m:[0;39m Tomcat started on port(s): 8080 (http) with context path ''
[2m2023-11-30 16:30:06.540[0;39m [32m INFO[0;39m [35m4696[0;39m [2m---[0;39m [2m[           main][0;39m [36mcom.mongodb.MongodbApplication          [0;39m [2m:[0;39m Started MongodbApplication in 3.443 seconds (JVM running for 4.155)
[2m2023-11-30 16:30:06.542[0;39m [32m INFO[0;39m [35m4696[0;39m [2m---[0;39m [2m[           main][0;39m [36mcom.mongodb.MongodbApplication          [0;39m [2m:[0;39m 
----------------------------------------------------------
	应用启动成功:
	前台界面: 		http://localhost:8080
	后台界面: 		http://localhost:8080/system.html
	----------------------------------------------------------
[2m2023-11-30 16:30:09.945[0;39m [32m INFO[0;39m [35m4696[0;39m [2m---[0;39m [2m[nio-8080-exec-1][0;39m [36mo.a.c.c.C.[Tomcat].[localhost].[/]      [0;39m [2m:[0;39m Initializing Spring DispatcherServlet 'dispatcherServlet'
[2m2023-11-30 16:30:09.946[0;39m [32m INFO[0;39m [35m4696[0;39m [2m---[0;39m [2m[nio-8080-exec-1][0;39m [36mo.s.web.servlet.DispatcherServlet       [0;39m [2m:[0;39m Initializing Servlet 'dispatcherServlet'
[2m2023-11-30 16:30:09.953[0;39m [32m INFO[0;39m [35m4696[0;39m [2m---[0;39m [2m[nio-8080-exec-1][0;39m [36mo.s.web.servlet.DispatcherServlet       [0;39m [2m:[0;39m Completed initialization in 7 ms
[2m2023-11-30 19:32:18.851[0;39m [32m INFO[0;39m [35m4696[0;39m [2m---[0;39m [2m[extShutdownHook][0;39m [36mo.s.s.concurrent.ThreadPoolTaskExecutor [0;39m [2m:[0;39m Shutting down ExecutorService 'applicationTaskExecutor'
