[2m2023-11-27 10:19:48.770[0;39m [32m INFO[0;39m [35m10384[0;39m [2m---[0;39m [2m[           main][0;39m [36mcom.mongodb.Mongodemov3Application      [0;39m [2m:[0;39m Starting Mongodemov3Application on LAPTOP-B2FRRA1V with PID 10384 (D:\programmer\ideacode\mongodemov3-master\target\classes started by YZY15 in D:\programmer\ideacode\mongodemov3-master)
[2m2023-11-27 10:19:48.776[0;39m [32m INFO[0;39m [35m10384[0;39m [2m---[0;39m [2m[           main][0;39m [36mcom.mongodb.Mongodemov3Application      [0;39m [2m:[0;39m No active profile set, falling back to default profiles: default
[2m2023-11-27 10:19:50.002[0;39m [32m INFO[0;39m [35m10384[0;39m [2m---[0;39m [2m[           main][0;39m [36m.s.d.r.c.RepositoryConfigurationDelegate[0;39m [2m:[0;39m Bootstrapping Spring Data MongoDB repositories in DEFAULT mode.
[2m2023-11-27 10:19:50.325[0;39m [32m INFO[0;39m [35m10384[0;39m [2m---[0;39m [2m[           main][0;39m [36m.s.d.r.c.RepositoryConfigurationDelegate[0;39m [2m:[0;39m Finished Spring Data repository scanning in 318ms. Found 0 MongoDB repository interfaces.
[2m2023-11-27 10:19:50.691[0;39m [32m INFO[0;39m [35m10384[0;39m [2m---[0;39m [2m[           main][0;39m [36mo.s.b.w.embedded.tomcat.TomcatWebServer [0;39m [2m:[0;39m Tomcat initialized with port(s): 3000 (http)
[2m2023-11-27 10:19:50.698[0;39m [32m INFO[0;39m [35m10384[0;39m [2m---[0;39m [2m[           main][0;39m [36mo.apache.catalina.core.StandardService  [0;39m [2m:[0;39m Starting service [Tomcat]
[2m2023-11-27 10:19:50.698[0;39m [32m INFO[0;39m [35m10384[0;39m [2m---[0;39m [2m[           main][0;39m [36morg.apache.catalina.core.StandardEngine [0;39m [2m:[0;39m Starting Servlet engine: [Apache Tomcat/9.0.41]
[2m2023-11-27 10:19:50.699[0;39m [32m INFO[0;39m [35m10384[0;39m [2m---[0;39m [2m[           main][0;39m [36mo.a.catalina.core.AprLifecycleListener  [0;39m [2m:[0;39m Loaded Apache Tomcat Native library [1.2.39] using APR version [1.7.4].
[2m2023-11-27 10:19:50.699[0;39m [32m INFO[0;39m [35m10384[0;39m [2m---[0;39m [2m[           main][0;39m [36mo.a.catalina.core.AprLifecycleListener  [0;39m [2m:[0;39m APR capabilities: IPv6 [true], sendfile [true], accept filters [false], random [true].
[2m2023-11-27 10:19:50.700[0;39m [32m INFO[0;39m [35m10384[0;39m [2m---[0;39m [2m[           main][0;39m [36mo.a.catalina.core.AprLifecycleListener  [0;39m [2m:[0;39m APR/OpenSSL configuration: useAprConnector [false], useOpenSSL [true]
[2m2023-11-27 10:19:50.714[0;39m [32m INFO[0;39m [35m10384[0;39m [2m---[0;39m [2m[           main][0;39m [36mo.a.catalina.core.AprLifecycleListener  [0;39m [2m:[0;39m OpenSSL successfully initialized [OpenSSL 3.0.11 19 Sep 2023]
[2m2023-11-27 10:19:50.800[0;39m [32m INFO[0;39m [35m10384[0;39m [2m---[0;39m [2m[           main][0;39m [36mo.a.c.c.C.[Tomcat].[localhost].[/]      [0;39m [2m:[0;39m Initializing Spring embedded WebApplicationContext
[2m2023-11-27 10:19:50.800[0;39m [32m INFO[0;39m [35m10384[0;39m [2m---[0;39m [2m[           main][0;39m [36mw.s.c.ServletWebServerApplicationContext[0;39m [2m:[0;39m Root WebApplicationContext: initialization completed in 1988 ms
[2m2023-11-27 10:19:50.872[0;39m [32m INFO[0;39m [35m10384[0;39m [2m---[0;39m [2m[           main][0;39m [36morg.mongodb.driver.cluster              [0;39m [2m:[0;39m Cluster created with settings {hosts=[localhost:27017], mode=SINGLE, requiredClusterType=UNKNOWN, serverSelectionTimeout='30000 ms'}
[2m2023-11-27 10:19:50.899[0;39m [32m INFO[0;39m [35m10384[0;39m [2m---[0;39m [2m[localhost:27017][0;39m [36morg.mongodb.driver.connection           [0;39m [2m:[0;39m Opened connection [connectionId{localValue:1, serverValue:160}] to localhost:27017
[2m2023-11-27 10:19:50.902[0;39m [32m INFO[0;39m [35m10384[0;39m [2m---[0;39m [2m[localhost:27017][0;39m [36morg.mongodb.driver.cluster              [0;39m [2m:[0;39m Monitor thread successfully connected to server with description ServerDescription{address=localhost:27017, type=STANDALONE, state=CONNECTED, ok=true, minWireVersion=0, maxWireVersion=7, maxDocumentSize=16777216, logicalSessionTimeoutMinutes=30, roundTripTimeNanos=1970100}
[2m2023-11-27 10:19:51.734[0;39m [32m INFO[0;39m [35m10384[0;39m [2m---[0;39m [2m[           main][0;39m [36mo.s.s.concurrent.ThreadPoolTaskExecutor [0;39m [2m:[0;39m Initializing ExecutorService 'applicationTaskExecutor'
[2m2023-11-27 10:19:51.757[0;39m [32m INFO[0;39m [35m10384[0;39m [2m---[0;39m [2m[           main][0;39m [36mo.s.b.a.w.s.WelcomePageHandlerMapping   [0;39m [2m:[0;39m Adding welcome page: class path resource [static/index.html]
[2m2023-11-27 10:19:51.826[0;39m [32m INFO[0;39m [35m10384[0;39m [2m---[0;39m [2m[           main][0;39m [36mo.s.b.w.embedded.tomcat.TomcatWebServer [0;39m [2m:[0;39m Tomcat started on port(s): 3000 (http) with context path ''
[2m2023-11-27 10:19:51.857[0;39m [32m INFO[0;39m [35m10384[0;39m [2m---[0;39m [2m[           main][0;39m [36mcom.mongodb.Mongodemov3Application      [0;39m [2m:[0;39m Started Mongodemov3Application in 3.426 seconds (JVM running for 4.161)
[2m2023-11-27 10:19:51.859[0;39m [32m INFO[0;39m [35m10384[0;39m [2m---[0;39m [2m[           main][0;39m [36mcom.mongodb.Mongodemov3Application      [0;39m [2m:[0;39m 
----------------------------------------------------------
	Application  is running! Access URLs:
	Local访问网址: 		http://localhost:3000
	Local跳过登陆页面访问网址: 		http://localhost:3000/system.html
	Knife4j文档地址：	http://localhost:3000/doc.html
	----------------------------------------------------------
[2m2023-11-27 10:19:53.816[0;39m [32m INFO[0;39m [35m10384[0;39m [2m---[0;39m [2m[nio-3000-exec-1][0;39m [36mo.a.c.c.C.[Tomcat].[localhost].[/]      [0;39m [2m:[0;39m Initializing Spring DispatcherServlet 'dispatcherServlet'
[2m2023-11-27 10:19:53.817[0;39m [32m INFO[0;39m [35m10384[0;39m [2m---[0;39m [2m[nio-3000-exec-1][0;39m [36mo.s.web.servlet.DispatcherServlet       [0;39m [2m:[0;39m Initializing Servlet 'dispatcherServlet'
[2m2023-11-27 10:19:53.821[0;39m [32m INFO[0;39m [35m10384[0;39m [2m---[0;39m [2m[nio-3000-exec-1][0;39m [36mo.s.web.servlet.DispatcherServlet       [0;39m [2m:[0;39m Completed initialization in 4 ms
[2m2023-11-27 10:20:46.665[0;39m [32m INFO[0;39m [35m10384[0;39m [2m---[0;39m [2m[nio-3000-exec-4][0;39m [36morg.mongodb.driver.connection           [0;39m [2m:[0;39m Opened connection [connectionId{localValue:2, serverValue:161}] to localhost:27017
[2m2023-11-27 10:47:09.181[0;39m [32m INFO[0;39m [35m10384[0;39m [2m---[0;39m [2m[extShutdownHook][0;39m [36mo.s.s.concurrent.ThreadPoolTaskExecutor [0;39m [2m:[0;39m Shutting down ExecutorService 'applicationTaskExecutor'
[2m2023-11-27 10:47:09.185[0;39m [32m INFO[0;39m [35m10384[0;39m [2m---[0;39m [2m[extShutdownHook][0;39m [36morg.mongodb.driver.connection           [0;39m [2m:[0;39m Closed connection [connectionId{localValue:2, serverValue:161}] to localhost:27017 because the pool has been closed.
[2m2023-11-27 10:47:14.424[0;39m [32m INFO[0;39m [35m25124[0;39m [2m---[0;39m [2m[           main][0;39m [36mcom.mongodb.MongodbApplication          [0;39m [2m:[0;39m Starting MongodbApplication on LAPTOP-B2FRRA1V with PID 25124 (D:\programmer\ideacode\mongodemov3-master\target\classes started by YZY15 in D:\programmer\ideacode\mongodemov3-master)
[2m2023-11-27 10:47:14.426[0;39m [32m INFO[0;39m [35m25124[0;39m [2m---[0;39m [2m[           main][0;39m [36mcom.mongodb.MongodbApplication          [0;39m [2m:[0;39m No active profile set, falling back to default profiles: default
[2m2023-11-27 10:47:15.449[0;39m [32m INFO[0;39m [35m25124[0;39m [2m---[0;39m [2m[           main][0;39m [36m.s.d.r.c.RepositoryConfigurationDelegate[0;39m [2m:[0;39m Bootstrapping Spring Data MongoDB repositories in DEFAULT mode.
[2m2023-11-27 10:47:15.757[0;39m [32m INFO[0;39m [35m25124[0;39m [2m---[0;39m [2m[           main][0;39m [36m.s.d.r.c.RepositoryConfigurationDelegate[0;39m [2m:[0;39m Finished Spring Data repository scanning in 304ms. Found 0 MongoDB repository interfaces.
[2m2023-11-27 10:47:16.067[0;39m [32m INFO[0;39m [35m25124[0;39m [2m---[0;39m [2m[           main][0;39m [36mo.s.b.w.embedded.tomcat.TomcatWebServer [0;39m [2m:[0;39m Tomcat initialized with port(s): 3000 (http)
[2m2023-11-27 10:47:16.073[0;39m [32m INFO[0;39m [35m25124[0;39m [2m---[0;39m [2m[           main][0;39m [36mo.apache.catalina.core.StandardService  [0;39m [2m:[0;39m Starting service [Tomcat]
[2m2023-11-27 10:47:16.073[0;39m [32m INFO[0;39m [35m25124[0;39m [2m---[0;39m [2m[           main][0;39m [36morg.apache.catalina.core.StandardEngine [0;39m [2m:[0;39m Starting Servlet engine: [Apache Tomcat/9.0.41]
[2m2023-11-27 10:47:16.074[0;39m [32m INFO[0;39m [35m25124[0;39m [2m---[0;39m [2m[           main][0;39m [36mo.a.catalina.core.AprLifecycleListener  [0;39m [2m:[0;39m Loaded Apache Tomcat Native library [1.2.39] using APR version [1.7.4].
[2m2023-11-27 10:47:16.074[0;39m [32m INFO[0;39m [35m25124[0;39m [2m---[0;39m [2m[           main][0;39m [36mo.a.catalina.core.AprLifecycleListener  [0;39m [2m:[0;39m APR capabilities: IPv6 [true], sendfile [true], accept filters [false], random [true].
[2m2023-11-27 10:47:16.074[0;39m [32m INFO[0;39m [35m25124[0;39m [2m---[0;39m [2m[           main][0;39m [36mo.a.catalina.core.AprLifecycleListener  [0;39m [2m:[0;39m APR/OpenSSL configuration: useAprConnector [false], useOpenSSL [true]
[2m2023-11-27 10:47:16.078[0;39m [32m INFO[0;39m [35m25124[0;39m [2m---[0;39m [2m[           main][0;39m [36mo.a.catalina.core.AprLifecycleListener  [0;39m [2m:[0;39m OpenSSL successfully initialized [OpenSSL 3.0.11 19 Sep 2023]
[2m2023-11-27 10:47:16.150[0;39m [32m INFO[0;39m [35m25124[0;39m [2m---[0;39m [2m[           main][0;39m [36mo.a.c.c.C.[Tomcat].[localhost].[/]      [0;39m [2m:[0;39m Initializing Spring embedded WebApplicationContext
[2m2023-11-27 10:47:16.150[0;39m [32m INFO[0;39m [35m25124[0;39m [2m---[0;39m [2m[           main][0;39m [36mw.s.c.ServletWebServerApplicationContext[0;39m [2m:[0;39m Root WebApplicationContext: initialization completed in 1702 ms
[2m2023-11-27 10:47:16.211[0;39m [32m INFO[0;39m [35m25124[0;39m [2m---[0;39m [2m[           main][0;39m [36morg.mongodb.driver.cluster              [0;39m [2m:[0;39m Cluster created with settings {hosts=[localhost:27017], mode=SINGLE, requiredClusterType=UNKNOWN, serverSelectionTimeout='30000 ms'}
[2m2023-11-27 10:47:16.235[0;39m [32m INFO[0;39m [35m25124[0;39m [2m---[0;39m [2m[localhost:27017][0;39m [36morg.mongodb.driver.connection           [0;39m [2m:[0;39m Opened connection [connectionId{localValue:1, serverValue:162}] to localhost:27017
[2m2023-11-27 10:47:16.238[0;39m [32m INFO[0;39m [35m25124[0;39m [2m---[0;39m [2m[localhost:27017][0;39m [36morg.mongodb.driver.cluster              [0;39m [2m:[0;39m Monitor thread successfully connected to server with description ServerDescription{address=localhost:27017, type=STANDALONE, state=CONNECTED, ok=true, minWireVersion=0, maxWireVersion=7, maxDocumentSize=16777216, logicalSessionTimeoutMinutes=30, roundTripTimeNanos=1509200}
[2m2023-11-27 10:47:16.962[0;39m [32m INFO[0;39m [35m25124[0;39m [2m---[0;39m [2m[           main][0;39m [36mo.s.s.concurrent.ThreadPoolTaskExecutor [0;39m [2m:[0;39m Initializing ExecutorService 'applicationTaskExecutor'
[2m2023-11-27 10:47:16.981[0;39m [32m INFO[0;39m [35m25124[0;39m [2m---[0;39m [2m[           main][0;39m [36mo.s.b.a.w.s.WelcomePageHandlerMapping   [0;39m [2m:[0;39m Adding welcome page: class path resource [static/index.html]
[2m2023-11-27 10:47:17.037[0;39m [32m INFO[0;39m [35m25124[0;39m [2m---[0;39m [2m[           main][0;39m [36mo.s.b.w.embedded.tomcat.TomcatWebServer [0;39m [2m:[0;39m Tomcat started on port(s): 3000 (http) with context path ''
[2m2023-11-27 10:47:17.066[0;39m [32m INFO[0;39m [35m25124[0;39m [2m---[0;39m [2m[           main][0;39m [36mcom.mongodb.MongodbApplication          [0;39m [2m:[0;39m Started MongodbApplication in 2.893 seconds (JVM running for 3.513)
[2m2023-11-27 10:47:17.068[0;39m [32m INFO[0;39m [35m25124[0;39m [2m---[0;39m [2m[           main][0;39m [36mcom.mongodb.MongodbApplication          [0;39m [2m:[0;39m 
----------------------------------------------------------
	应用启动成功:
	前台界面: 		http://localhost:3000
	后台界面: 		http://localhost:3000/system.html
	----------------------------------------------------------
[2m2023-11-27 12:51:25.288[0;39m [32m INFO[0;39m [35m25124[0;39m [2m---[0;39m [2m[extShutdownHook][0;39m [36mo.s.s.concurrent.ThreadPoolTaskExecutor [0;39m [2m:[0;39m Shutting down ExecutorService 'applicationTaskExecutor'
[2m2023-11-27 12:51:30.356[0;39m [32m INFO[0;39m [35m8796[0;39m [2m---[0;39m [2m[           main][0;39m [36mcom.mongodb.MongodbApplication          [0;39m [2m:[0;39m Starting MongodbApplication on LAPTOP-B2FRRA1V with PID 8796 (D:\programmer\ideacode\mongodemov3-master\target\classes started by YZY15 in D:\programmer\ideacode\mongodemov3-master)
[2m2023-11-27 12:51:30.358[0;39m [32m INFO[0;39m [35m8796[0;39m [2m---[0;39m [2m[           main][0;39m [36mcom.mongodb.MongodbApplication          [0;39m [2m:[0;39m No active profile set, falling back to default profiles: default
[2m2023-11-27 12:51:31.492[0;39m [32m INFO[0;39m [35m8796[0;39m [2m---[0;39m [2m[           main][0;39m [36m.s.d.r.c.RepositoryConfigurationDelegate[0;39m [2m:[0;39m Bootstrapping Spring Data MongoDB repositories in DEFAULT mode.
[2m2023-11-27 12:51:31.817[0;39m [32m INFO[0;39m [35m8796[0;39m [2m---[0;39m [2m[           main][0;39m [36m.s.d.r.c.RepositoryConfigurationDelegate[0;39m [2m:[0;39m Finished Spring Data repository scanning in 322ms. Found 0 MongoDB repository interfaces.
[2m2023-11-27 12:51:32.174[0;39m [32m INFO[0;39m [35m8796[0;39m [2m---[0;39m [2m[           main][0;39m [36mo.s.b.w.embedded.tomcat.TomcatWebServer [0;39m [2m:[0;39m Tomcat initialized with port(s): 8080 (http)
[2m2023-11-27 12:51:32.180[0;39m [32m INFO[0;39m [35m8796[0;39m [2m---[0;39m [2m[           main][0;39m [36mo.apache.catalina.core.StandardService  [0;39m [2m:[0;39m Starting service [Tomcat]
[2m2023-11-27 12:51:32.180[0;39m [32m INFO[0;39m [35m8796[0;39m [2m---[0;39m [2m[           main][0;39m [36morg.apache.catalina.core.StandardEngine [0;39m [2m:[0;39m Starting Servlet engine: [Apache Tomcat/9.0.41]
[2m2023-11-27 12:51:32.181[0;39m [32m INFO[0;39m [35m8796[0;39m [2m---[0;39m [2m[           main][0;39m [36mo.a.catalina.core.AprLifecycleListener  [0;39m [2m:[0;39m Loaded Apache Tomcat Native library [1.2.39] using APR version [1.7.4].
[2m2023-11-27 12:51:32.182[0;39m [32m INFO[0;39m [35m8796[0;39m [2m---[0;39m [2m[           main][0;39m [36mo.a.catalina.core.AprLifecycleListener  [0;39m [2m:[0;39m APR capabilities: IPv6 [true], sendfile [true], accept filters [false], random [true].
[2m2023-11-27 12:51:32.182[0;39m [32m INFO[0;39m [35m8796[0;39m [2m---[0;39m [2m[           main][0;39m [36mo.a.catalina.core.AprLifecycleListener  [0;39m [2m:[0;39m APR/OpenSSL configuration: useAprConnector [false], useOpenSSL [true]
[2m2023-11-27 12:51:32.186[0;39m [32m INFO[0;39m [35m8796[0;39m [2m---[0;39m [2m[           main][0;39m [36mo.a.catalina.core.AprLifecycleListener  [0;39m [2m:[0;39m OpenSSL successfully initialized [OpenSSL 3.0.11 19 Sep 2023]
[2m2023-11-27 12:51:32.265[0;39m [32m INFO[0;39m [35m8796[0;39m [2m---[0;39m [2m[           main][0;39m [36mo.a.c.c.C.[Tomcat].[localhost].[/]      [0;39m [2m:[0;39m Initializing Spring embedded WebApplicationContext
[2m2023-11-27 12:51:32.265[0;39m [32m INFO[0;39m [35m8796[0;39m [2m---[0;39m [2m[           main][0;39m [36mw.s.c.ServletWebServerApplicationContext[0;39m [2m:[0;39m Root WebApplicationContext: initialization completed in 1884 ms
[2m2023-11-27 12:51:32.330[0;39m [32m INFO[0;39m [35m8796[0;39m [2m---[0;39m [2m[           main][0;39m [36morg.mongodb.driver.cluster              [0;39m [2m:[0;39m Cluster created with settings {hosts=[localhost:27017], mode=SINGLE, requiredClusterType=UNKNOWN, serverSelectionTimeout='30000 ms'}
[2m2023-11-27 12:51:32.355[0;39m [32m INFO[0;39m [35m8796[0;39m [2m---[0;39m [2m[localhost:27017][0;39m [36morg.mongodb.driver.connection           [0;39m [2m:[0;39m Opened connection [connectionId{localValue:1, serverValue:163}] to localhost:27017
[2m2023-11-27 12:51:32.357[0;39m [32m INFO[0;39m [35m8796[0;39m [2m---[0;39m [2m[localhost:27017][0;39m [36morg.mongodb.driver.cluster              [0;39m [2m:[0;39m Monitor thread successfully connected to server with description ServerDescription{address=localhost:27017, type=STANDALONE, state=CONNECTED, ok=true, minWireVersion=0, maxWireVersion=7, maxDocumentSize=16777216, logicalSessionTimeoutMinutes=30, roundTripTimeNanos=1544700}
[2m2023-11-27 12:51:33.123[0;39m [32m INFO[0;39m [35m8796[0;39m [2m---[0;39m [2m[           main][0;39m [36mo.s.s.concurrent.ThreadPoolTaskExecutor [0;39m [2m:[0;39m Initializing ExecutorService 'applicationTaskExecutor'
[2m2023-11-27 12:51:33.143[0;39m [32m INFO[0;39m [35m8796[0;39m [2m---[0;39m [2m[           main][0;39m [36mo.s.b.a.w.s.WelcomePageHandlerMapping   [0;39m [2m:[0;39m Adding welcome page: class path resource [static/index.html]
[2m2023-11-27 12:51:33.203[0;39m [32m INFO[0;39m [35m8796[0;39m [2m---[0;39m [2m[           main][0;39m [36mo.s.b.w.embedded.tomcat.TomcatWebServer [0;39m [2m:[0;39m Tomcat started on port(s): 8080 (http) with context path ''
[2m2023-11-27 12:51:33.388[0;39m [32m INFO[0;39m [35m8796[0;39m [2m---[0;39m [2m[           main][0;39m [36mcom.mongodb.MongodbApplication          [0;39m [2m:[0;39m Started MongodbApplication in 3.312 seconds (JVM running for 3.97)
[2m2023-11-27 12:51:33.390[0;39m [32m INFO[0;39m [35m8796[0;39m [2m---[0;39m [2m[           main][0;39m [36mcom.mongodb.MongodbApplication          [0;39m [2m:[0;39m 
----------------------------------------------------------
	应用启动成功:
	前台界面: 		http://localhost:8080
	后台界面: 		http://localhost:8080/system.html
	----------------------------------------------------------
[2m2023-11-27 12:51:35.811[0;39m [32m INFO[0;39m [35m8796[0;39m [2m---[0;39m [2m[nio-8080-exec-1][0;39m [36mo.a.c.c.C.[Tomcat].[localhost].[/]      [0;39m [2m:[0;39m Initializing Spring DispatcherServlet 'dispatcherServlet'
[2m2023-11-27 12:51:35.811[0;39m [32m INFO[0;39m [35m8796[0;39m [2m---[0;39m [2m[nio-8080-exec-1][0;39m [36mo.s.web.servlet.DispatcherServlet       [0;39m [2m:[0;39m Initializing Servlet 'dispatcherServlet'
[2m2023-11-27 12:51:35.816[0;39m [32m INFO[0;39m [35m8796[0;39m [2m---[0;39m [2m[nio-8080-exec-1][0;39m [36mo.s.web.servlet.DispatcherServlet       [0;39m [2m:[0;39m Completed initialization in 5 ms
[2m2023-11-27 12:51:50.806[0;39m [32m INFO[0;39m [35m8796[0;39m [2m---[0;39m [2m[nio-8080-exec-5][0;39m [36morg.mongodb.driver.connection           [0;39m [2m:[0;39m Opened connection [connectionId{localValue:2, serverValue:164}] to localhost:27017
[2m2023-11-27 13:09:45.656[0;39m [32m INFO[0;39m [35m8796[0;39m [2m---[0;39m [2m[extShutdownHook][0;39m [36mo.s.s.concurrent.ThreadPoolTaskExecutor [0;39m [2m:[0;39m Shutting down ExecutorService 'applicationTaskExecutor'
[2m2023-11-27 13:09:45.660[0;39m [32m INFO[0;39m [35m8796[0;39m [2m---[0;39m [2m[extShutdownHook][0;39m [36morg.mongodb.driver.connection           [0;39m [2m:[0;39m Closed connection [connectionId{localValue:2, serverValue:164}] to localhost:27017 because the pool has been closed.
[2m2023-11-27 13:09:50.133[0;39m [32m INFO[0;39m [35m8852[0;39m [2m---[0;39m [2m[           main][0;39m [36mcom.mongodb.MongodbApplication          [0;39m [2m:[0;39m Starting MongodbApplication on LAPTOP-B2FRRA1V with PID 8852 (D:\programmer\ideacode\mongodemov3-master\target\classes started by YZY15 in D:\programmer\ideacode\mongodemov3-master)
[2m2023-11-27 13:09:50.135[0;39m [32m INFO[0;39m [35m8852[0;39m [2m---[0;39m [2m[           main][0;39m [36mcom.mongodb.MongodbApplication          [0;39m [2m:[0;39m No active profile set, falling back to default profiles: default
[2m2023-11-27 13:09:51.204[0;39m [32m INFO[0;39m [35m8852[0;39m [2m---[0;39m [2m[           main][0;39m [36m.s.d.r.c.RepositoryConfigurationDelegate[0;39m [2m:[0;39m Bootstrapping Spring Data MongoDB repositories in DEFAULT mode.
[2m2023-11-27 13:09:51.514[0;39m [32m INFO[0;39m [35m8852[0;39m [2m---[0;39m [2m[           main][0;39m [36m.s.d.r.c.RepositoryConfigurationDelegate[0;39m [2m:[0;39m Finished Spring Data repository scanning in 307ms. Found 0 MongoDB repository interfaces.
[2m2023-11-27 13:09:51.843[0;39m [32m INFO[0;39m [35m8852[0;39m [2m---[0;39m [2m[           main][0;39m [36mo.s.b.w.embedded.tomcat.TomcatWebServer [0;39m [2m:[0;39m Tomcat initialized with port(s): 8080 (http)
[2m2023-11-27 13:09:51.848[0;39m [32m INFO[0;39m [35m8852[0;39m [2m---[0;39m [2m[           main][0;39m [36mo.apache.catalina.core.StandardService  [0;39m [2m:[0;39m Starting service [Tomcat]
[2m2023-11-27 13:09:51.849[0;39m [32m INFO[0;39m [35m8852[0;39m [2m---[0;39m [2m[           main][0;39m [36morg.apache.catalina.core.StandardEngine [0;39m [2m:[0;39m Starting Servlet engine: [Apache Tomcat/9.0.41]
[2m2023-11-27 13:09:51.850[0;39m [32m INFO[0;39m [35m8852[0;39m [2m---[0;39m [2m[           main][0;39m [36mo.a.catalina.core.AprLifecycleListener  [0;39m [2m:[0;39m Loaded Apache Tomcat Native library [1.2.39] using APR version [1.7.4].
[2m2023-11-27 13:09:51.850[0;39m [32m INFO[0;39m [35m8852[0;39m [2m---[0;39m [2m[           main][0;39m [36mo.a.catalina.core.AprLifecycleListener  [0;39m [2m:[0;39m APR capabilities: IPv6 [true], sendfile [true], accept filters [false], random [true].
[2m2023-11-27 13:09:51.850[0;39m [32m INFO[0;39m [35m8852[0;39m [2m---[0;39m [2m[           main][0;39m [36mo.a.catalina.core.AprLifecycleListener  [0;39m [2m:[0;39m APR/OpenSSL configuration: useAprConnector [false], useOpenSSL [true]
[2m2023-11-27 13:09:51.853[0;39m [32m INFO[0;39m [35m8852[0;39m [2m---[0;39m [2m[           main][0;39m [36mo.a.catalina.core.AprLifecycleListener  [0;39m [2m:[0;39m OpenSSL successfully initialized [OpenSSL 3.0.11 19 Sep 2023]
[2m2023-11-27 13:09:51.928[0;39m [32m INFO[0;39m [35m8852[0;39m [2m---[0;39m [2m[           main][0;39m [36mo.a.c.c.C.[Tomcat].[localhost].[/]      [0;39m [2m:[0;39m Initializing Spring embedded WebApplicationContext
[2m2023-11-27 13:09:51.928[0;39m [32m INFO[0;39m [35m8852[0;39m [2m---[0;39m [2m[           main][0;39m [36mw.s.c.ServletWebServerApplicationContext[0;39m [2m:[0;39m Root WebApplicationContext: initialization completed in 1770 ms
[2m2023-11-27 13:09:51.992[0;39m [32m INFO[0;39m [35m8852[0;39m [2m---[0;39m [2m[           main][0;39m [36morg.mongodb.driver.cluster              [0;39m [2m:[0;39m Cluster created with settings {hosts=[localhost:27017], mode=SINGLE, requiredClusterType=UNKNOWN, serverSelectionTimeout='30000 ms'}
[2m2023-11-27 13:09:52.018[0;39m [32m INFO[0;39m [35m8852[0;39m [2m---[0;39m [2m[localhost:27017][0;39m [36morg.mongodb.driver.connection           [0;39m [2m:[0;39m Opened connection [connectionId{localValue:1, serverValue:168}] to localhost:27017
[2m2023-11-27 13:09:52.021[0;39m [32m INFO[0;39m [35m8852[0;39m [2m---[0;39m [2m[localhost:27017][0;39m [36morg.mongodb.driver.cluster              [0;39m [2m:[0;39m Monitor thread successfully connected to server with description ServerDescription{address=localhost:27017, type=STANDALONE, state=CONNECTED, ok=true, minWireVersion=0, maxWireVersion=7, maxDocumentSize=16777216, logicalSessionTimeoutMinutes=30, roundTripTimeNanos=1652800}
[2m2023-11-27 13:09:52.786[0;39m [32m INFO[0;39m [35m8852[0;39m [2m---[0;39m [2m[           main][0;39m [36mo.s.s.concurrent.ThreadPoolTaskExecutor [0;39m [2m:[0;39m Initializing ExecutorService 'applicationTaskExecutor'
[2m2023-11-27 13:09:52.806[0;39m [32m INFO[0;39m [35m8852[0;39m [2m---[0;39m [2m[           main][0;39m [36mo.s.b.a.w.s.WelcomePageHandlerMapping   [0;39m [2m:[0;39m Adding welcome page: class path resource [static/index.html]
[2m2023-11-27 13:09:52.866[0;39m [32m INFO[0;39m [35m8852[0;39m [2m---[0;39m [2m[           main][0;39m [36mo.s.b.w.embedded.tomcat.TomcatWebServer [0;39m [2m:[0;39m Tomcat started on port(s): 8080 (http) with context path ''
[2m2023-11-27 13:09:53.050[0;39m [32m INFO[0;39m [35m8852[0;39m [2m---[0;39m [2m[           main][0;39m [36mcom.mongodb.MongodbApplication          [0;39m [2m:[0;39m Started MongodbApplication in 3.183 seconds (JVM running for 3.82)
[2m2023-11-27 13:09:53.052[0;39m [32m INFO[0;39m [35m8852[0;39m [2m---[0;39m [2m[           main][0;39m [36mcom.mongodb.MongodbApplication          [0;39m [2m:[0;39m 
----------------------------------------------------------
	应用启动成功:
	前台界面: 		http://localhost:8080
	后台界面: 		http://localhost:8080/system.html
	----------------------------------------------------------
[2m2023-11-27 13:10:25.583[0;39m [32m INFO[0;39m [35m8852[0;39m [2m---[0;39m [2m[nio-8080-exec-1][0;39m [36mo.a.c.c.C.[Tomcat].[localhost].[/]      [0;39m [2m:[0;39m Initializing Spring DispatcherServlet 'dispatcherServlet'
[2m2023-11-27 13:10:25.584[0;39m [32m INFO[0;39m [35m8852[0;39m [2m---[0;39m [2m[nio-8080-exec-1][0;39m [36mo.s.web.servlet.DispatcherServlet       [0;39m [2m:[0;39m Initializing Servlet 'dispatcherServlet'
[2m2023-11-27 13:10:25.588[0;39m [32m INFO[0;39m [35m8852[0;39m [2m---[0;39m [2m[nio-8080-exec-1][0;39m [36mo.s.web.servlet.DispatcherServlet       [0;39m [2m:[0;39m Completed initialization in 4 ms
[2m2023-11-27 13:10:29.465[0;39m [32m INFO[0;39m [35m8852[0;39m [2m---[0;39m [2m[nio-8080-exec-3][0;39m [36morg.mongodb.driver.connection           [0;39m [2m:[0;39m Opened connection [connectionId{localValue:2, serverValue:169}] to localhost:27017
[2m2023-11-27 14:33:44.336[0;39m [32m INFO[0;39m [35m8852[0;39m [2m---[0;39m [2m[extShutdownHook][0;39m [36mo.s.s.concurrent.ThreadPoolTaskExecutor [0;39m [2m:[0;39m Shutting down ExecutorService 'applicationTaskExecutor'
[2m2023-11-27 14:33:44.341[0;39m [32m INFO[0;39m [35m8852[0;39m [2m---[0;39m [2m[extShutdownHook][0;39m [36morg.mongodb.driver.connection           [0;39m [2m:[0;39m Closed connection [connectionId{localValue:2, serverValue:169}] to localhost:27017 because the pool has been closed.
