[2m2023-12-03 21:13:12.200[0;39m [32m INFO[0;39m [35m21452[0;39m [2m---[0;39m [2m[           main][0;39m [36mcom.mongodb.MongodbApplication          [0;39m [2m:[0;39m Starting MongodbApplication on LAPTOP-B2FRRA1V with PID 21452 (D:\programmer\ideacode\mongodb\target\classes started by YZY15 in D:\programmer\ideacode\mongodb)
[2m2023-12-03 21:13:12.205[0;39m [32m INFO[0;39m [35m21452[0;39m [2m---[0;39m [2m[           main][0;39m [36mcom.mongodb.MongodbApplication          [0;39m [2m:[0;39m No active profile set, falling back to default profiles: default
[2m2023-12-03 21:13:13.407[0;39m [32m INFO[0;39m [35m21452[0;39m [2m---[0;39m [2m[           main][0;39m [36m.s.d.r.c.RepositoryConfigurationDelegate[0;39m [2m:[0;39m Bootstrapping Spring Data MongoDB repositories in DEFAULT mode.
[2m2023-12-03 21:13:13.715[0;39m [32m INFO[0;39m [35m21452[0;39m [2m---[0;39m [2m[           main][0;39m [36m.s.d.r.c.RepositoryConfigurationDelegate[0;39m [2m:[0;39m Finished Spring Data repository scanning in 304ms. Found 0 MongoDB repository interfaces.
[2m2023-12-03 21:13:14.077[0;39m [32m INFO[0;39m [35m21452[0;39m [2m---[0;39m [2m[           main][0;39m [36mo.s.b.w.embedded.tomcat.TomcatWebServer [0;39m [2m:[0;39m Tomcat initialized with port(s): 8080 (http)
[2m2023-12-03 21:13:14.084[0;39m [32m INFO[0;39m [35m21452[0;39m [2m---[0;39m [2m[           main][0;39m [36mo.apache.catalina.core.StandardService  [0;39m [2m:[0;39m Starting service [Tomcat]
[2m2023-12-03 21:13:14.085[0;39m [32m INFO[0;39m [35m21452[0;39m [2m---[0;39m [2m[           main][0;39m [36morg.apache.catalina.core.StandardEngine [0;39m [2m:[0;39m Starting Servlet engine: [Apache Tomcat/9.0.41]
[2m2023-12-03 21:13:14.086[0;39m [32m INFO[0;39m [35m21452[0;39m [2m---[0;39m [2m[           main][0;39m [36mo.a.catalina.core.AprLifecycleListener  [0;39m [2m:[0;39m Loaded Apache Tomcat Native library [1.2.39] using APR version [1.7.4].
[2m2023-12-03 21:13:14.086[0;39m [32m INFO[0;39m [35m21452[0;39m [2m---[0;39m [2m[           main][0;39m [36mo.a.catalina.core.AprLifecycleListener  [0;39m [2m:[0;39m APR capabilities: IPv6 [true], sendfile [true], accept filters [false], random [true].
[2m2023-12-03 21:13:14.086[0;39m [32m INFO[0;39m [35m21452[0;39m [2m---[0;39m [2m[           main][0;39m [36mo.a.catalina.core.AprLifecycleListener  [0;39m [2m:[0;39m APR/OpenSSL configuration: useAprConnector [false], useOpenSSL [true]
[2m2023-12-03 21:13:14.091[0;39m [32m INFO[0;39m [35m21452[0;39m [2m---[0;39m [2m[           main][0;39m [36mo.a.catalina.core.AprLifecycleListener  [0;39m [2m:[0;39m OpenSSL successfully initialized [OpenSSL 3.0.11 19 Sep 2023]
[2m2023-12-03 21:13:14.174[0;39m [32m INFO[0;39m [35m21452[0;39m [2m---[0;39m [2m[           main][0;39m [36mo.a.c.c.C.[Tomcat].[localhost].[/]      [0;39m [2m:[0;39m Initializing Spring embedded WebApplicationContext
[2m2023-12-03 21:13:14.174[0;39m [32m INFO[0;39m [35m21452[0;39m [2m---[0;39m [2m[           main][0;39m [36mw.s.c.ServletWebServerApplicationContext[0;39m [2m:[0;39m Root WebApplicationContext: initialization completed in 1942 ms
[2m2023-12-03 21:13:14.249[0;39m [32m INFO[0;39m [35m21452[0;39m [2m---[0;39m [2m[           main][0;39m [36morg.mongodb.driver.cluster              [0;39m [2m:[0;39m Cluster created with settings {hosts=[localhost:27017], mode=SINGLE, requiredClusterType=UNKNOWN, serverSelectionTimeout='30000 ms'}
[2m2023-12-03 21:13:15.055[0;39m [32m INFO[0;39m [35m21452[0;39m [2m---[0;39m [2m[           main][0;39m [36mo.s.s.concurrent.ThreadPoolTaskExecutor [0;39m [2m:[0;39m Initializing ExecutorService 'applicationTaskExecutor'
[2m2023-12-03 21:13:15.076[0;39m [32m INFO[0;39m [35m21452[0;39m [2m---[0;39m [2m[           main][0;39m [36mo.s.b.a.w.s.WelcomePageHandlerMapping   [0;39m [2m:[0;39m Adding welcome page: class path resource [static/index.html]
[2m2023-12-03 21:13:15.135[0;39m [32m INFO[0;39m [35m21452[0;39m [2m---[0;39m [2m[           main][0;39m [36mo.s.b.w.embedded.tomcat.TomcatWebServer [0;39m [2m:[0;39m Tomcat started on port(s): 8080 (http) with context path ''
[2m2023-12-03 21:13:15.316[0;39m [32m INFO[0;39m [35m21452[0;39m [2m---[0;39m [2m[           main][0;39m [36mcom.mongodb.MongodbApplication          [0;39m [2m:[0;39m Started MongodbApplication in 3.405 seconds (JVM running for 4.083)
[2m2023-12-03 21:13:15.318[0;39m [32m INFO[0;39m [35m21452[0;39m [2m---[0;39m [2m[           main][0;39m [36mcom.mongodb.MongodbApplication          [0;39m [2m:[0;39m 应用启动成功:
	前台界面: 		http://localhost:8080
	后台界面: 		http://localhost:8080/system.html
	
[2m2023-12-03 21:13:16.320[0;39m [32m INFO[0;39m [35m21452[0;39m [2m---[0;39m [2m[localhost:27017][0;39m [36morg.mongodb.driver.cluster              [0;39m [2m:[0;39m Exception in monitor thread while connecting to server localhost:27017

com.mongodb.MongoSocketOpenException: Exception opening socket
	at com.mongodb.internal.connection.SocketStream.open(SocketStream.java:70)
	at com.mongodb.internal.connection.InternalStreamConnection.open(InternalStreamConnection.java:127)
	at com.mongodb.internal.connection.DefaultServerMonitor$ServerMonitorRunnable.run(DefaultServerMonitor.java:117)
	at java.lang.Thread.run(Thread.java:748)
Caused by: java.net.ConnectException: Connection refused: connect
	at java.net.DualStackPlainSocketImpl.waitForConnect(Native Method)
	at java.net.DualStackPlainSocketImpl.socketConnect(DualStackPlainSocketImpl.java:81)
	at java.net.AbstractPlainSocketImpl.doConnect(AbstractPlainSocketImpl.java:476)
	at java.net.AbstractPlainSocketImpl.connectToAddress(AbstractPlainSocketImpl.java:218)
	at java.net.AbstractPlainSocketImpl.connect(AbstractPlainSocketImpl.java:200)
	at java.net.PlainSocketImpl.connect(PlainSocketImpl.java:162)
	at java.net.SocksSocketImpl.connect(SocksSocketImpl.java:394)
	at java.net.Socket.connect(Socket.java:606)
	at com.mongodb.internal.connection.SocketStreamHelper.initialize(SocketStreamHelper.java:63)
	at com.mongodb.internal.connection.SocketStream.initializeSocket(SocketStream.java:79)
	at com.mongodb.internal.connection.SocketStream.open(SocketStream.java:65)
	... 3 common frames omitted

[2m2023-12-03 21:13:26.130[0;39m [32m INFO[0;39m [35m21452[0;39m [2m---[0;39m [2m[nio-8080-exec-1][0;39m [36mo.a.c.c.C.[Tomcat].[localhost].[/]      [0;39m [2m:[0;39m Initializing Spring DispatcherServlet 'dispatcherServlet'
[2m2023-12-03 21:13:26.130[0;39m [32m INFO[0;39m [35m21452[0;39m [2m---[0;39m [2m[nio-8080-exec-1][0;39m [36mo.s.web.servlet.DispatcherServlet       [0;39m [2m:[0;39m Initializing Servlet 'dispatcherServlet'
[2m2023-12-03 21:13:26.138[0;39m [32m INFO[0;39m [35m21452[0;39m [2m---[0;39m [2m[nio-8080-exec-1][0;39m [36mo.s.web.servlet.DispatcherServlet       [0;39m [2m:[0;39m Completed initialization in 7 ms
[2m2023-12-03 21:13:28.162[0;39m [32m INFO[0;39m [35m21452[0;39m [2m---[0;39m [2m[nio-8080-exec-5][0;39m [36morg.mongodb.driver.cluster              [0;39m [2m:[0;39m Cluster description not yet available. Waiting for 30000 ms before timing out
[2m2023-12-03 21:13:32.112[0;39m [32m INFO[0;39m [35m21452[0;39m [2m---[0;39m [2m[nio-8080-exec-8][0;39m [36morg.mongodb.driver.cluster              [0;39m [2m:[0;39m Cluster description not yet available. Waiting for 30000 ms before timing out
[2m2023-12-03 21:13:50.638[0;39m [32m INFO[0;39m [35m21452[0;39m [2m---[0;39m [2m[localhost:27017][0;39m [36morg.mongodb.driver.connection           [0;39m [2m:[0;39m Opened connection [connectionId{localValue:11, serverValue:1}] to localhost:27017
[2m2023-12-03 21:13:50.641[0;39m [32m INFO[0;39m [35m21452[0;39m [2m---[0;39m [2m[localhost:27017][0;39m [36morg.mongodb.driver.cluster              [0;39m [2m:[0;39m Monitor thread successfully connected to server with description ServerDescription{address=localhost:27017, type=STANDALONE, state=CONNECTED, ok=true, minWireVersion=0, maxWireVersion=7, maxDocumentSize=16777216, logicalSessionTimeoutMinutes=30, roundTripTimeNanos=1684900}
[2m2023-12-03 21:13:50.649[0;39m [32m INFO[0;39m [35m21452[0;39m [2m---[0;39m [2m[nio-8080-exec-8][0;39m [36morg.mongodb.driver.connection           [0;39m [2m:[0;39m Opened connection [connectionId{localValue:13, serverValue:2}] to localhost:27017
[2m2023-12-03 21:13:50.650[0;39m [32m INFO[0;39m [35m21452[0;39m [2m---[0;39m [2m[nio-8080-exec-5][0;39m [36morg.mongodb.driver.connection           [0;39m [2m:[0;39m Opened connection [connectionId{localValue:12, serverValue:3}] to localhost:27017
[2m2023-12-03 21:18:45.382[0;39m [32m INFO[0;39m [35m21452[0;39m [2m---[0;39m [2m[extShutdownHook][0;39m [36mo.s.s.concurrent.ThreadPoolTaskExecutor [0;39m [2m:[0;39m Shutting down ExecutorService 'applicationTaskExecutor'
[2m2023-12-03 21:18:45.385[0;39m [32m INFO[0;39m [35m21452[0;39m [2m---[0;39m [2m[extShutdownHook][0;39m [36morg.mongodb.driver.connection           [0;39m [2m:[0;39m Closed connection [connectionId{localValue:12, serverValue:3}] to localhost:27017 because the pool has been closed.
[2m2023-12-03 21:18:45.386[0;39m [32m INFO[0;39m [35m21452[0;39m [2m---[0;39m [2m[extShutdownHook][0;39m [36morg.mongodb.driver.connection           [0;39m [2m:[0;39m Closed connection [connectionId{localValue:13, serverValue:2}] to localhost:27017 because the pool has been closed.
